<?xml version="1.0" encoding="UTF-8"?>
<coverage generated="1767048805">
  <project timestamp="1767048805" name="Clover Coverage">
    <package name="Omegaalfa\HttpPromise\Exception">
      <file name="/home/omgaalfa/php-projetos/applications/HttpPromise/src/Exception/HttpException.php">
        <class name="Omegaalfa\HttpPromise\Exception\HttpException" namespace="Omegaalfa\HttpPromise\Exception">
          <metrics complexity="7" methods="7" coveredmethods="7" conditionals="0" coveredconditionals="0" statements="21" coveredstatements="21" elements="28" coveredelements="28"/>
        </class>
        <line num="24" type="method" name="__construct" visibility="public" complexity="1" crap="1" count="6"/>
        <line num="34" type="stmt" count="6"/>
        <line num="40" type="method" name="fromCurlError" visibility="public" complexity="1" crap="1" count="2"/>
        <line num="42" type="stmt" count="2"/>
        <line num="43" type="stmt" count="2"/>
        <line num="44" type="stmt" count="2"/>
        <line num="45" type="stmt" count="2"/>
        <line num="46" type="stmt" count="2"/>
        <line num="57" type="method" name="fromResponse" visibility="public" complexity="1" crap="1" count="1"/>
        <line num="59" type="stmt" count="1"/>
        <line num="60" type="stmt" count="1"/>
        <line num="61" type="stmt" count="1"/>
        <line num="62" type="stmt" count="1"/>
        <line num="63" type="stmt" count="1"/>
        <line num="64" type="stmt" count="1"/>
        <line num="65" type="stmt" count="1"/>
        <line num="66" type="stmt" count="1"/>
        <line num="67" type="stmt" count="1"/>
        <line num="68" type="stmt" count="1"/>
        <line num="69" type="stmt" count="1"/>
        <line num="75" type="method" name="getStatusCode" visibility="public" complexity="1" crap="1" count="3"/>
        <line num="77" type="stmt" count="3"/>
        <line num="83" type="method" name="getUrl" visibility="public" complexity="1" crap="1" count="3"/>
        <line num="85" type="stmt" count="3"/>
        <line num="91" type="method" name="getMethod" visibility="public" complexity="1" crap="1" count="3"/>
        <line num="93" type="stmt" count="3"/>
        <line num="99" type="method" name="getResponse" visibility="public" complexity="1" crap="1" count="2"/>
        <line num="101" type="stmt" count="2"/>
        <metrics loc="104" ncloc="69" classes="1" methods="7" coveredmethods="7" conditionals="0" coveredconditionals="0" statements="21" coveredstatements="21" elements="28" coveredelements="28"/>
      </file>
      <file name="/home/omgaalfa/php-projetos/applications/HttpPromise/src/Exception/PromiseException.php">
        <class name="Omegaalfa\HttpPromise\Exception\PromiseException" namespace="Omegaalfa\HttpPromise\Exception">
          <metrics complexity="0" methods="0" coveredmethods="0" conditionals="0" coveredconditionals="0" statements="0" coveredstatements="0" elements="0" coveredelements="0"/>
        </class>
        <metrics loc="15" ncloc="12" classes="0" methods="0" coveredmethods="0" conditionals="0" coveredconditionals="0" statements="0" coveredstatements="0" elements="0" coveredelements="0"/>
      </file>
      <file name="/home/omgaalfa/php-projetos/applications/HttpPromise/src/Exception/RejectionException.php">
        <class name="Omegaalfa\HttpPromise\Exception\RejectionException" namespace="Omegaalfa\HttpPromise\Exception">
          <metrics complexity="6" methods="3" coveredmethods="2" conditionals="0" coveredconditionals="0" statements="10" coveredstatements="8" elements="13" coveredelements="10"/>
        </class>
        <line num="18" type="method" name="__construct" visibility="public" complexity="1" crap="1" count="4"/>
        <line num="23" type="stmt" count="4"/>
        <line num="24" type="stmt" count="4"/>
        <line num="31" type="method" name="formatReason" visibility="private" complexity="4" crap="4.37" count="4"/>
        <line num="33" type="stmt" count="4"/>
        <line num="34" type="stmt" count="3"/>
        <line num="37" type="stmt" count="1"/>
        <line num="38" type="stmt" count="0"/>
        <line num="41" type="stmt" count="1"/>
        <line num="42" type="stmt" count="1"/>
        <line num="45" type="stmt" count="0"/>
        <line num="51" type="method" name="getReason" visibility="public" complexity="1" crap="1" count="2"/>
        <line num="53" type="stmt" count="2"/>
        <metrics loc="56" ncloc="42" classes="1" methods="3" coveredmethods="2" conditionals="0" coveredconditionals="0" statements="10" coveredstatements="8" elements="13" coveredelements="10"/>
      </file>
      <file name="/home/omgaalfa/php-projetos/applications/HttpPromise/src/Exception/TimeoutException.php">
        <class name="Omegaalfa\HttpPromise\Exception\TimeoutException" namespace="Omegaalfa\HttpPromise\Exception">
          <metrics complexity="2" methods="1" coveredmethods="1" conditionals="0" coveredconditionals="0" statements="1" coveredstatements="1" elements="2" coveredelements="2"/>
        </class>
        <line num="16" type="method" name="__construct" visibility="public" complexity="2" crap="2" count="3"/>
        <line num="21" type="stmt" count="3"/>
        <metrics loc="24" ncloc="17" classes="1" methods="1" coveredmethods="1" conditionals="0" coveredconditionals="0" statements="1" coveredstatements="1" elements="2" coveredelements="2"/>
      </file>
    </package>
    <package name="Omegaalfa\HttpPromise\Http">
      <file name="/home/omgaalfa/php-projetos/applications/HttpPromise/src/Http/ConnectionPool.php">
        <class name="Omegaalfa\HttpPromise\Http\ConnectionPool" namespace="Omegaalfa\HttpPromise\Http">
          <metrics complexity="21" methods="7" coveredmethods="3" conditionals="0" coveredconditionals="0" statements="42" coveredstatements="27" elements="49" coveredelements="30"/>
        </class>
        <line num="25" type="method" name="__construct" visibility="public" complexity="1" crap="1" count="33"/>
        <line num="27" type="stmt" count="33"/>
        <line num="36" type="method" name="acquire" visibility="public" complexity="5" crap="5.03" count="15"/>
        <line num="38" type="stmt" count="15"/>
        <line num="40" type="stmt" count="15"/>
        <line num="41" type="stmt" count="2"/>
        <line num="42" type="stmt" count="2"/>
        <line num="43" type="stmt" count="2"/>
        <line num="44" type="stmt" count="2"/>
        <line num="48" type="stmt" count="15"/>
        <line num="49" type="stmt" count="15"/>
        <line num="50" type="stmt" count="0"/>
        <line num="52" type="stmt" count="15"/>
        <line num="62" type="method" name="release" visibility="public" complexity="3" crap="3.21" count="5"/>
        <line num="64" type="stmt" count="5"/>
        <line num="66" type="stmt" count="5"/>
        <line num="67" type="stmt" count="5"/>
        <line num="70" type="stmt" count="5"/>
        <line num="71" type="stmt" count="0"/>
        <line num="72" type="stmt" count="0"/>
        <line num="75" type="stmt" count="5"/>
        <line num="84" type="method" name="resetHandle" visibility="private" complexity="2" crap="2" count="2"/>
        <line num="87" type="stmt" count="2"/>
        <line num="89" type="stmt" count="2"/>
        <line num="91" type="stmt" count="2"/>
        <line num="100" type="method" name="closeAll" visibility="public" complexity="4" crap="4" count="14"/>
        <line num="102" type="stmt" count="14"/>
        <line num="103" type="stmt" count="2"/>
        <line num="104" type="stmt" count="2"/>
        <line num="105" type="stmt" count="2"/>
        <line num="109" type="stmt" count="14"/>
        <line num="118" type="method" name="setMaxPoolSize" visibility="public" complexity="5" crap="10.40" count="1"/>
        <line num="120" type="stmt" count="1"/>
        <line num="122" type="stmt" count="1"/>
        <line num="123" type="stmt" count="1"/>
        <line num="124" type="stmt" count="1"/>
        <line num="128" type="stmt" count="0"/>
        <line num="129" type="stmt" count="0"/>
        <line num="130" type="stmt" count="0"/>
        <line num="131" type="stmt" count="0"/>
        <line num="132" type="stmt" count="0"/>
        <line num="135" type="stmt" count="0"/>
        <line num="144" type="method" name="getStats" visibility="public" complexity="1" crap="2" count="0"/>
        <line num="146" type="stmt" count="0"/>
        <line num="148" type="stmt" count="0"/>
        <line num="149" type="stmt" count="0"/>
        <line num="150" type="stmt" count="0"/>
        <line num="151" type="stmt" count="0"/>
        <line num="152" type="stmt" count="0"/>
        <metrics loc="155" ncloc="105" classes="1" methods="7" coveredmethods="3" conditionals="0" coveredconditionals="0" statements="42" coveredstatements="27" elements="49" coveredelements="30"/>
      </file>
      <file name="/home/omgaalfa/php-projetos/applications/HttpPromise/src/Http/EventLoop.php">
        <class name="Omegaalfa\HttpPromise\Http\EventLoop" namespace="Omegaalfa\HttpPromise\Http">
          <metrics complexity="19" methods="16" coveredmethods="14" conditionals="0" coveredconditionals="0" statements="22" coveredstatements="20" elements="38" coveredelements="34"/>
        </class>
        <line num="38" type="method" name="__construct" visibility="public" complexity="1" crap="1" count="33"/>
        <line num="41" type="stmt" count="33"/>
        <line num="49" type="method" name="addPending" visibility="public" complexity="1" crap="1" count="15"/>
        <line num="51" type="stmt" count="15"/>
        <line num="52" type="stmt" count="15"/>
        <line num="61" type="method" name="addQueued" visibility="public" complexity="1" crap="1" count="2"/>
        <line num="63" type="stmt" count="2"/>
        <line num="71" type="method" name="getPending" visibility="public" complexity="1" crap="1" count="14"/>
        <line num="73" type="stmt" count="14"/>
        <line num="81" type="method" name="getQueued" visibility="public" complexity="1" crap="1" count="5"/>
        <line num="83" type="stmt" count="5"/>
        <line num="92" type="method" name="removePending" visibility="public" complexity="1" crap="1" count="5"/>
        <line num="94" type="stmt" count="5"/>
        <line num="95" type="stmt" count="5"/>
        <line num="96" type="stmt" count="5"/>
        <line num="104" type="method" name="shiftQueued" visibility="public" complexity="1" crap="1" count="1"/>
        <line num="106" type="stmt" count="1"/>
        <line num="114" type="method" name="canProcessQueued" visibility="public" complexity="2" crap="2" count="5"/>
        <line num="116" type="stmt" count="5"/>
        <line num="124" type="method" name="pendingCount" visibility="public" complexity="1" crap="1" count="17"/>
        <line num="126" type="stmt" count="17"/>
        <line num="134" type="method" name="queuedCount" visibility="public" complexity="1" crap="1" count="5"/>
        <line num="136" type="stmt" count="5"/>
        <line num="145" type="method" name="removeQueued" visibility="public" complexity="1" crap="2" count="0"/>
        <line num="147" type="stmt" count="0"/>
        <line num="155" type="method" name="reindexQueued" visibility="public" complexity="1" crap="1" count="5"/>
        <line num="157" type="stmt" count="5"/>
        <line num="167" type="method" name="tick" visibility="public" complexity="2" crap="2.06" count="5"/>
        <line num="169" type="stmt" count="5"/>
        <line num="170" type="stmt" count="0"/>
        <line num="174" type="stmt" count="5"/>
        <line num="175" type="stmt" count="5"/>
        <line num="183" type="method" name="hasPending" visibility="public" complexity="2" crap="2" count="7"/>
        <line num="185" type="stmt" count="7"/>
        <line num="194" type="method" name="setMaxConcurrent" visibility="public" complexity="1" crap="1" count="2"/>
        <line num="196" type="stmt" count="2"/>
        <line num="204" type="method" name="getMaxConcurrent" visibility="public" complexity="1" crap="1" count="33"/>
        <line num="206" type="stmt" count="33"/>
        <metrics loc="209" ncloc="107" classes="1" methods="16" coveredmethods="14" conditionals="0" coveredconditionals="0" statements="22" coveredstatements="20" elements="38" coveredelements="34"/>
      </file>
      <file name="/home/omgaalfa/php-projetos/applications/HttpPromise/src/Http/HttpProcessorTrait.php">
        <class name="Omegaalfa\HttpPromise\Http\HttpProcessorTrait" namespace="Omegaalfa\HttpPromise\Http">
          <metrics complexity="34" methods="10" coveredmethods="5" conditionals="0" coveredconditionals="0" statements="59" coveredstatements="48" elements="69" coveredelements="53"/>
        </class>
        <line num="23" type="method" name="formatHeaders" visibility="protected" complexity="7" crap="8.50" count="19"/>
        <line num="25" type="stmt" count="19"/>
        <line num="27" type="stmt" count="19"/>
        <line num="28" type="stmt" count="5"/>
        <line num="29" type="stmt" count="1"/>
        <line num="33" type="stmt" count="5"/>
        <line num="34" type="stmt" count="0"/>
        <line num="35" type="stmt" count="0"/>
        <line num="36" type="stmt" count="0"/>
        <line num="37" type="stmt" count="0"/>
        <line num="38" type="stmt" count="0"/>
        <line num="41" type="stmt" count="5"/>
        <line num="42" type="stmt" count="1"/>
        <line num="46" type="stmt" count="5"/>
        <line num="47" type="stmt" count="5"/>
        <line num="49" type="stmt" count="5"/>
        <line num="52" type="stmt" count="19"/>
        <line num="62" type="method" name="sanitizeHeaderName" visibility="private" complexity="2" crap="2.15" count="5"/>
        <line num="65" type="stmt" count="5"/>
        <line num="66" type="stmt" count="0"/>
        <line num="68" type="stmt" count="5"/>
        <line num="78" type="method" name="sanitizeHeaderValue" visibility="private" complexity="2" crap="2.06" count="5"/>
        <line num="81" type="stmt" count="5"/>
        <line num="84" type="stmt" count="5"/>
        <line num="85" type="stmt" count="0"/>
        <line num="88" type="stmt" count="5"/>
        <line num="99" type="method" name="formatParams" visibility="protected" complexity="7" crap="7" count="11"/>
        <line num="101" type="stmt" count="11"/>
        <line num="102" type="stmt" count="1"/>
        <line num="105" type="stmt" count="10"/>
        <line num="106" type="stmt" count="1"/>
        <line num="109" type="stmt" count="9"/>
        <line num="112" type="stmt" count="9"/>
        <line num="113" type="stmt" count="2"/>
        <line num="117" type="stmt" count="7"/>
        <line num="118" type="stmt" count="6"/>
        <line num="121" type="stmt" count="1"/>
        <line num="130" type="method" name="getContentType" visibility="protected" complexity="3" crap="3" count="12"/>
        <line num="133" type="stmt" count="12"/>
        <line num="134" type="stmt" count="5"/>
        <line num="135" type="stmt" count="5"/>
        <line num="139" type="stmt" count="7"/>
        <line num="149" type="method" name="encodeJson" visibility="protected" complexity="2" crap="3.19" count="3"/>
        <line num="152" type="stmt" count="3"/>
        <line num="153" type="stmt" count="0"/>
        <line num="154" type="stmt" count="0"/>
        <line num="166" type="method" name="decodeJson" visibility="protected" complexity="2" crap="3.19" count="2"/>
        <line num="169" type="stmt" count="2"/>
        <line num="170" type="stmt" count="0"/>
        <line num="171" type="stmt" count="0"/>
        <line num="183" type="method" name="mergeHeaders" visibility="protected" complexity="4" crap="4" count="17"/>
        <line num="186" type="stmt" count="17"/>
        <line num="189" type="stmt" count="17"/>
        <line num="190" type="stmt" count="3"/>
        <line num="194" type="stmt" count="17"/>
        <line num="195" type="stmt" count="2"/>
        <line num="199" type="stmt" count="17"/>
        <line num="200" type="stmt" count="17"/>
        <line num="201" type="stmt" count="3"/>
        <line num="204" type="stmt" count="17"/>
        <line num="214" type="method" name="buildUrl" visibility="protected" complexity="3" crap="3" count="19"/>
        <line num="216" type="stmt" count="19"/>
        <line num="217" type="stmt" count="17"/>
        <line num="220" type="stmt" count="2"/>
        <line num="221" type="stmt" count="2"/>
        <line num="223" type="stmt" count="2"/>
        <line num="232" type="method" name="parseUrl" visibility="protected" complexity="2" crap="2" count="1"/>
        <line num="234" type="stmt" count="1"/>
        <line num="235" type="stmt" count="1"/>
        <metrics loc="238" ncloc="152" classes="1" methods="10" coveredmethods="5" conditionals="0" coveredconditionals="0" statements="59" coveredstatements="48" elements="69" coveredelements="53"/>
      </file>
      <file name="/home/omgaalfa/php-projetos/applications/HttpPromise/src/Http/Metrics.php">
        <class name="Omegaalfa\HttpPromise\Http\Metrics" namespace="Omegaalfa\HttpPromise\Http">
          <metrics complexity="14" methods="12" coveredmethods="8" conditionals="0" coveredconditionals="0" statements="25" coveredstatements="18" elements="37" coveredelements="26"/>
        </class>
        <line num="26" type="method" name="__construct" visibility="public" complexity="1" crap="1" count="33"/>
        <line num="28" type="stmt" count="33"/>
        <line num="36" type="method" name="incrementTotal" visibility="public" complexity="1" crap="1" count="15"/>
        <line num="38" type="stmt" count="15"/>
        <line num="46" type="method" name="incrementSuccessful" visibility="public" complexity="1" crap="1" count="4"/>
        <line num="48" type="stmt" count="4"/>
        <line num="56" type="method" name="incrementFailed" visibility="public" complexity="1" crap="1" count="1"/>
        <line num="58" type="stmt" count="1"/>
        <line num="66" type="method" name="getTotal" visibility="public" complexity="1" crap="2" count="0"/>
        <line num="68" type="stmt" count="0"/>
        <line num="76" type="method" name="getSuccessful" visibility="public" complexity="1" crap="2" count="0"/>
        <line num="78" type="stmt" count="0"/>
        <line num="86" type="method" name="getFailed" visibility="public" complexity="1" crap="2" count="0"/>
        <line num="88" type="stmt" count="0"/>
        <line num="96" type="method" name="getUptime" visibility="public" complexity="1" crap="1" count="2"/>
        <line num="98" type="stmt" count="2"/>
        <line num="106" type="method" name="getSuccessRate" visibility="public" complexity="2" crap="2" count="2"/>
        <line num="108" type="stmt" count="2"/>
        <line num="116" type="method" name="getRequestsPerSecond" visibility="public" complexity="2" crap="2" count="2"/>
        <line num="118" type="stmt" count="2"/>
        <line num="119" type="stmt" count="2"/>
        <line num="129" type="method" name="toArray" visibility="public" complexity="1" crap="1" count="2"/>
        <line num="131" type="stmt" count="2"/>
        <line num="132" type="stmt" count="2"/>
        <line num="133" type="stmt" count="2"/>
        <line num="134" type="stmt" count="2"/>
        <line num="135" type="stmt" count="2"/>
        <line num="136" type="stmt" count="2"/>
        <line num="137" type="stmt" count="2"/>
        <line num="138" type="stmt" count="2"/>
        <line num="139" type="stmt" count="2"/>
        <line num="140" type="stmt" count="2"/>
        <line num="148" type="method" name="reset" visibility="public" complexity="1" crap="2" count="0"/>
        <line num="150" type="stmt" count="0"/>
        <line num="151" type="stmt" count="0"/>
        <line num="152" type="stmt" count="0"/>
        <line num="153" type="stmt" count="0"/>
        <metrics loc="156" ncloc="90" classes="1" methods="12" coveredmethods="8" conditionals="0" coveredconditionals="0" statements="25" coveredstatements="18" elements="37" coveredelements="26"/>
      </file>
      <file name="/home/omgaalfa/php-projetos/applications/HttpPromise/src/Http/RequestOptions.php">
        <class name="Omegaalfa\HttpPromise\Http\RequestOptions" namespace="Omegaalfa\HttpPromise\Http">
          <metrics complexity="26" methods="21" coveredmethods="20" conditionals="0" coveredconditionals="0" statements="52" coveredstatements="51" elements="73" coveredelements="71"/>
        </class>
        <line num="28" type="method" name="__construct" visibility="public" complexity="1" crap="1" count="56"/>
        <line num="45" type="stmt" count="56"/>
        <line num="50" type="method" name="create" visibility="public" complexity="1" crap="1" count="56"/>
        <line num="52" type="stmt" count="56"/>
        <line num="58" type="method" name="withHttp2" visibility="public" complexity="1" crap="1" count="4"/>
        <line num="60" type="stmt" count="4"/>
        <line num="68" type="method" name="with" visibility="private" complexity="1" crap="1" count="30"/>
        <line num="70" type="stmt" count="30"/>
        <line num="71" type="stmt" count="30"/>
        <line num="72" type="stmt" count="30"/>
        <line num="73" type="stmt" count="30"/>
        <line num="74" type="stmt" count="30"/>
        <line num="75" type="stmt" count="30"/>
        <line num="76" type="stmt" count="30"/>
        <line num="77" type="stmt" count="30"/>
        <line num="78" type="stmt" count="30"/>
        <line num="79" type="stmt" count="30"/>
        <line num="80" type="stmt" count="30"/>
        <line num="81" type="stmt" count="30"/>
        <line num="82" type="stmt" count="30"/>
        <line num="83" type="stmt" count="30"/>
        <line num="84" type="stmt" count="30"/>
        <line num="85" type="stmt" count="30"/>
        <line num="91" type="method" name="withTcpKeepAlive" visibility="public" complexity="1" crap="1" count="2"/>
        <line num="93" type="stmt" count="2"/>
        <line num="99" type="method" name="withBaseUrl" visibility="public" complexity="1" crap="1" count="7"/>
        <line num="101" type="stmt" count="7"/>
        <line num="107" type="method" name="withTimeout" visibility="public" complexity="1" crap="1" count="3"/>
        <line num="109" type="stmt" count="3"/>
        <line num="115" type="method" name="withReadTimeout" visibility="public" complexity="1" crap="1" count="1"/>
        <line num="117" type="stmt" count="1"/>
        <line num="127" type="method" name="withRetry" visibility="public" complexity="1" crap="1" count="2"/>
        <line num="129" type="stmt" count="2"/>
        <line num="130" type="stmt" count="2"/>
        <line num="131" type="stmt" count="2"/>
        <line num="132" type="stmt" count="2"/>
        <line num="133" type="stmt" count="2"/>
        <line num="139" type="method" name="withBearerToken" visibility="public" complexity="1" crap="1" count="2"/>
        <line num="141" type="stmt" count="2"/>
        <line num="149" type="method" name="withHeaders" visibility="public" complexity="1" crap="1" count="12"/>
        <line num="151" type="stmt" count="12"/>
        <line num="152" type="stmt" count="12"/>
        <line num="153" type="stmt" count="12"/>
        <line num="159" type="method" name="withBasicAuth" visibility="public" complexity="1" crap="1" count="2"/>
        <line num="161" type="stmt" count="2"/>
        <line num="162" type="stmt" count="2"/>
        <line num="168" type="method" name="asJson" visibility="public" complexity="1" crap="1" count="3"/>
        <line num="170" type="stmt" count="3"/>
        <line num="171" type="stmt" count="3"/>
        <line num="172" type="stmt" count="3"/>
        <line num="173" type="stmt" count="3"/>
        <line num="179" type="method" name="asForm" visibility="public" complexity="1" crap="1" count="2"/>
        <line num="181" type="stmt" count="2"/>
        <line num="182" type="stmt" count="2"/>
        <line num="183" type="stmt" count="2"/>
        <line num="189" type="method" name="withProxy" visibility="public" complexity="1" crap="1" count="1"/>
        <line num="191" type="stmt" count="1"/>
        <line num="201" type="method" name="withoutSSLVerification" visibility="public" complexity="3" crap="3.33" count="1"/>
        <line num="204" type="stmt" count="1"/>
        <line num="205" type="stmt" count="0"/>
        <line num="208" type="stmt" count="1"/>
        <line num="214" type="method" name="withUserAgent" visibility="public" complexity="1" crap="1" count="1"/>
        <line num="216" type="stmt" count="1"/>
        <line num="222" type="method" name="withoutRedirects" visibility="public" complexity="1" crap="1" count="1"/>
        <line num="224" type="stmt" count="1"/>
        <line num="230" type="method" name="withMaxRedirects" visibility="public" complexity="1" crap="1" count="1"/>
        <line num="232" type="stmt" count="1"/>
        <line num="238" type="method" name="getUserAgent" visibility="public" complexity="1" crap="1" count="16"/>
        <line num="240" type="stmt" count="16"/>
        <line num="246" type="method" name="buildFullUrl" visibility="public" complexity="4" crap="4" count="16"/>
        <line num="248" type="stmt" count="16"/>
        <line num="249" type="stmt" count="16"/>
        <line num="252" type="stmt" count="1"/>
        <metrics loc="255" ncloc="163" classes="1" methods="21" coveredmethods="20" conditionals="0" coveredconditionals="0" statements="52" coveredstatements="51" elements="73" coveredelements="71"/>
      </file>
      <file name="/home/omgaalfa/php-projetos/applications/HttpPromise/src/Http/RetryHandler.php">
        <class name="Omegaalfa\HttpPromise\Http\RetryHandler" namespace="Omegaalfa\HttpPromise\Http">
          <metrics complexity="11" methods="9" coveredmethods="2" conditionals="0" coveredconditionals="0" statements="15" coveredstatements="4" elements="24" coveredelements="6"/>
        </class>
        <line num="24" type="method" name="__construct" visibility="public" complexity="1" crap="1" count="33"/>
        <line num="29" type="stmt" count="33"/>
        <line num="39" type="method" name="shouldRetry" visibility="public" complexity="3" crap="4.94" count="4"/>
        <line num="41" type="stmt" count="4"/>
        <line num="42" type="stmt" count="4"/>
        <line num="46" type="stmt" count="0"/>
        <line num="47" type="stmt" count="0"/>
        <line num="50" type="stmt" count="0"/>
        <line num="59" type="method" name="shouldRetryOnError" visibility="public" complexity="1" crap="1" count="1"/>
        <line num="61" type="stmt" count="1"/>
        <line num="76" type="method" name="getRetryDelay" visibility="public" complexity="1" crap="2" count="0"/>
        <line num="78" type="stmt" count="0"/>
        <line num="87" type="method" name="getRetryAfter" visibility="public" complexity="1" crap="2" count="0"/>
        <line num="89" type="stmt" count="0"/>
        <line num="97" type="method" name="getMaxAttempts" visibility="public" complexity="1" crap="2" count="0"/>
        <line num="99" type="stmt" count="0"/>
        <line num="107" type="method" name="getDelay" visibility="public" complexity="1" crap="2" count="0"/>
        <line num="109" type="stmt" count="0"/>
        <line num="117" type="method" name="getStatusCodes" visibility="public" complexity="1" crap="2" count="0"/>
        <line num="119" type="stmt" count="0"/>
        <line num="130" type="method" name="updateConfig" visibility="public" complexity="1" crap="2" count="0"/>
        <line num="132" type="stmt" count="0"/>
        <line num="133" type="stmt" count="0"/>
        <line num="134" type="stmt" count="0"/>
        <metrics loc="137" ncloc="70" classes="1" methods="9" coveredmethods="2" conditionals="0" coveredconditionals="0" statements="15" coveredstatements="4" elements="24" coveredelements="6"/>
      </file>
      <file name="/home/omgaalfa/php-projetos/applications/HttpPromise/src/Http/UrlValidator.php">
        <class name="Omegaalfa\HttpPromise\Http\UrlValidator" namespace="Omegaalfa\HttpPromise\Http">
          <metrics complexity="14" methods="6" coveredmethods="0" conditionals="0" coveredconditionals="0" statements="31" coveredstatements="15" elements="37" coveredelements="15"/>
        </class>
        <line num="26" type="method" name="validate" visibility="public" complexity="3" crap="3.07" count="15"/>
        <line num="28" type="stmt" count="15"/>
        <line num="30" type="stmt" count="15"/>
        <line num="31" type="stmt" count="0"/>
        <line num="34" type="stmt" count="15"/>
        <line num="35" type="stmt" count="15"/>
        <line num="45" type="method" name="validateScheme" visibility="private" complexity="2" crap="4.52" count="15"/>
        <line num="47" type="stmt" count="15"/>
        <line num="48" type="stmt" count="0"/>
        <line num="49" type="stmt" count="0"/>
        <line num="50" type="stmt" count="0"/>
        <line num="51" type="stmt" count="0"/>
        <line num="52" type="stmt" count="0"/>
        <line num="53" type="stmt" count="0"/>
        <line num="64" type="method" name="validateHost" visibility="private" complexity="4" crap="4.13" count="15"/>
        <line num="67" type="stmt" count="15"/>
        <line num="70" type="stmt" count="15"/>
        <line num="71" type="stmt" count="0"/>
        <line num="75" type="stmt" count="15"/>
        <line num="76" type="stmt" count="14"/>
        <line num="87" type="method" name="validateIpAddress" visibility="private" complexity="2" crap="2.15" count="14"/>
        <line num="89" type="stmt" count="14"/>
        <line num="90" type="stmt" count="14"/>
        <line num="91" type="stmt" count="14"/>
        <line num="92" type="stmt" count="14"/>
        <line num="93" type="stmt" count="14"/>
        <line num="95" type="stmt" count="14"/>
        <line num="96" type="stmt" count="0"/>
        <line num="97" type="stmt" count="0"/>
        <line num="98" type="stmt" count="0"/>
        <line num="108" type="method" name="isValid" visibility="public" complexity="2" crap="6" count="0"/>
        <line num="111" type="stmt" count="0"/>
        <line num="112" type="stmt" count="0"/>
        <line num="113" type="stmt" count="0"/>
        <line num="114" type="stmt" count="0"/>
        <line num="123" type="method" name="getAllowedSchemes" visibility="public" complexity="1" crap="2" count="0"/>
        <line num="125" type="stmt" count="0"/>
        <metrics loc="128" ncloc="80" classes="1" methods="6" coveredmethods="0" conditionals="0" coveredconditionals="0" statements="31" coveredstatements="15" elements="37" coveredelements="15"/>
      </file>
    </package>
    <package name="Omegaalfa\HttpPromise">
      <file name="/home/omgaalfa/php-projetos/applications/HttpPromise/src/HttpPromise.php">
        <class name="Omegaalfa\HttpPromise\HttpPromise" namespace="Omegaalfa\HttpPromise">
          <metrics complexity="101" methods="48" coveredmethods="31" conditionals="0" coveredconditionals="0" statements="309" coveredstatements="226" elements="357" coveredelements="257"/>
        </class>
        <line num="90" type="method" name="__construct" visibility="public" complexity="1" crap="1" count="33"/>
        <line num="97" type="stmt" count="33"/>
        <line num="98" type="stmt" count="33"/>
        <line num="99" type="stmt" count="33"/>
        <line num="100" type="stmt" count="33"/>
        <line num="101" type="stmt" count="33"/>
        <line num="102" type="stmt" count="33"/>
        <line num="103" type="stmt" count="33"/>
        <line num="104" type="stmt" count="33"/>
        <line num="105" type="stmt" count="33"/>
        <line num="106" type="stmt" count="33"/>
        <line num="107" type="stmt" count="33"/>
        <line num="109" type="stmt" count="33"/>
        <line num="121" type="method" name="create" visibility="public" complexity="2" crap="2.15" count="33"/>
        <line num="128" type="stmt" count="33"/>
        <line num="129" type="stmt" count="0"/>
        <line num="131" type="stmt" count="33"/>
        <line num="143" type="method" name="configureMultiHandle" visibility="private" complexity="7" crap="7" count="33"/>
        <line num="146" type="stmt" count="33"/>
        <line num="147" type="stmt" count="33"/>
        <line num="150" type="stmt" count="33"/>
        <line num="151" type="stmt" count="33"/>
        <line num="155" type="stmt" count="33"/>
        <line num="156" type="stmt" count="33"/>
        <line num="158" type="stmt" count="33"/>
        <line num="159" type="stmt" count="33"/>
        <line num="163" type="stmt" count="33"/>
        <line num="164" type="stmt" count="33"/>
        <line num="174" type="method" name="withBaseUrl" visibility="public" complexity="1" crap="1" count="2"/>
        <line num="176" type="stmt" count="2"/>
        <line num="185" type="method" name="withOptions" visibility="public" complexity="1" crap="1" count="9"/>
        <line num="187" type="stmt" count="9"/>
        <line num="188" type="stmt" count="9"/>
        <line num="189" type="stmt" count="9"/>
        <line num="198" type="method" name="withBearerToken" visibility="public" complexity="1" crap="1" count="1"/>
        <line num="200" type="stmt" count="1"/>
        <line num="210" type="method" name="withBasicAuth" visibility="public" complexity="1" crap="1" count="1"/>
        <line num="212" type="stmt" count="1"/>
        <line num="220" type="method" name="asForm" visibility="public" complexity="1" crap="1" count="1"/>
        <line num="222" type="stmt" count="1"/>
        <line num="231" type="method" name="withHttp2" visibility="public" complexity="1" crap="1" count="1"/>
        <line num="233" type="stmt" count="1"/>
        <line num="242" type="method" name="withTcpKeepAlive" visibility="public" complexity="1" crap="1" count="1"/>
        <line num="244" type="stmt" count="1"/>
        <line num="253" type="method" name="withMaxPoolSize" visibility="public" complexity="1" crap="1" count="1"/>
        <line num="255" type="stmt" count="1"/>
        <line num="256" type="stmt" count="1"/>
        <line num="257" type="stmt" count="1"/>
        <line num="267" type="method" name="withMiddleware" visibility="public" complexity="1" crap="1" count="2"/>
        <line num="269" type="stmt" count="2"/>
        <line num="270" type="stmt" count="2"/>
        <line num="271" type="stmt" count="2"/>
        <line num="280" type="method" name="withMiddlewares" visibility="public" complexity="2" crap="2" count="1"/>
        <line num="282" type="stmt" count="1"/>
        <line num="283" type="stmt" count="1"/>
        <line num="284" type="stmt" count="1"/>
        <line num="286" type="stmt" count="1"/>
        <line num="295" type="method" name="withMaxConcurrent" visibility="public" complexity="1" crap="1" count="2"/>
        <line num="297" type="stmt" count="2"/>
        <line num="298" type="stmt" count="2"/>
        <line num="299" type="stmt" count="2"/>
        <line num="300" type="stmt" count="2"/>
        <line num="308" type="method" name="withHeaders" visibility="public" complexity="1" crap="2" count="0"/>
        <line num="310" type="stmt" count="0"/>
        <line num="319" type="method" name="withTimeout" visibility="public" complexity="1" crap="2" count="0"/>
        <line num="321" type="stmt" count="0"/>
        <line num="331" type="method" name="withRetry" visibility="public" complexity="1" crap="2" count="0"/>
        <line num="333" type="stmt" count="0"/>
        <line num="342" type="method" name="withProxy" visibility="public" complexity="1" crap="2" count="0"/>
        <line num="344" type="stmt" count="0"/>
        <line num="350" type="method" name="withoutSSLVerification" visibility="public" complexity="1" crap="2" count="0"/>
        <line num="352" type="stmt" count="0"/>
        <line num="361" type="method" name="withUserAgent" visibility="public" complexity="1" crap="2" count="0"/>
        <line num="363" type="stmt" count="0"/>
        <line num="374" type="method" name="get" visibility="public" complexity="1" crap="1" count="7"/>
        <line num="376" type="stmt" count="7"/>
        <line num="393" type="method" name="request" visibility="public" complexity="2" crap="2.04" count="15"/>
        <line num="402" type="stmt" count="15"/>
        <line num="404" type="stmt" count="15"/>
        <line num="405" type="stmt" count="0"/>
        <line num="406" type="stmt" count="0"/>
        <line num="407" type="stmt" count="0"/>
        <line num="410" type="stmt" count="15"/>
        <line num="411" type="stmt" count="15"/>
        <line num="412" type="stmt" count="15"/>
        <line num="413" type="stmt" count="15"/>
        <line num="414" type="stmt" count="15"/>
        <line num="415" type="stmt" count="15"/>
        <line num="416" type="stmt" count="15"/>
        <line num="417" type="stmt" count="15"/>
        <line num="419" type="stmt" count="15"/>
        <line num="428" type="method" name="isValidMethod" visibility="private" complexity="1" crap="1" count="15"/>
        <line num="430" type="stmt" count="15"/>
        <line num="439" type="method" name="dispatchMiddlewares" visibility="private" complexity="2" crap="2" count="15"/>
        <line num="441" type="stmt" count="15"/>
        <line num="442" type="stmt" count="15"/>
        <line num="443" type="stmt" count="15"/>
        <line num="445" type="stmt" count="15"/>
        <line num="446" type="stmt" count="15"/>
        <line num="447" type="stmt" count="1"/>
        <line num="448" type="stmt" count="1"/>
        <line num="449" type="stmt" count="1"/>
        <line num="450" type="stmt" count="1"/>
        <line num="451" type="stmt" count="1"/>
        <line num="454" type="stmt" count="15"/>
        <line num="463" type="method" name="sendRequestInternal" visibility="private" complexity="2" crap="2" count="15"/>
        <line num="466" type="stmt" count="15"/>
        <line num="467" type="stmt" count="15"/>
        <line num="470" type="stmt" count="15"/>
        <line num="473" type="stmt" count="15"/>
        <line num="476" type="stmt" count="15"/>
        <line num="479" type="stmt" count="15"/>
        <line num="480" type="stmt" count="2"/>
        <line num="481" type="stmt" count="2"/>
        <line num="482" type="stmt" count="2"/>
        <line num="483" type="stmt" count="2"/>
        <line num="484" type="stmt" count="2"/>
        <line num="485" type="stmt" count="2"/>
        <line num="486" type="stmt" count="2"/>
        <line num="487" type="stmt" count="2"/>
        <line num="488" type="stmt" count="2"/>
        <line num="489" type="stmt" count="2"/>
        <line num="491" type="stmt" count="2"/>
        <line num="495" type="stmt" count="15"/>
        <line num="497" type="stmt" count="15"/>
        <line num="498" type="stmt" count="15"/>
        <line num="500" type="stmt" count="15"/>
        <line num="501" type="stmt" count="15"/>
        <line num="502" type="stmt" count="15"/>
        <line num="503" type="stmt" count="15"/>
        <line num="504" type="stmt" count="15"/>
        <line num="505" type="stmt" count="15"/>
        <line num="506" type="stmt" count="15"/>
        <line num="508" type="stmt" count="15"/>
        <line num="516" type="method" name="tick" visibility="public" complexity="2" crap="2.02" count="5"/>
        <line num="518" type="stmt" count="5"/>
        <line num="519" type="stmt" count="0"/>
        <line num="522" type="stmt" count="5"/>
        <line num="523" type="stmt" count="5"/>
        <line num="524" type="stmt" count="5"/>
        <line num="525" type="stmt" count="5"/>
        <line num="533" type="method" name="hasPending" visibility="public" complexity="1" crap="1" count="2"/>
        <line num="535" type="stmt" count="2"/>
        <line num="543" type="method" name="processQueuedRequests" visibility="private" complexity="9" crap="14.77" count="5"/>
        <line num="545" type="stmt" count="5"/>
        <line num="548" type="stmt" count="5"/>
        <line num="549" type="stmt" count="1"/>
        <line num="550" type="stmt" count="1"/>
        <line num="551" type="stmt" count="0"/>
        <line num="552" type="stmt" count="0"/>
        <line num="553" type="stmt" count="0"/>
        <line num="554" type="stmt" count="0"/>
        <line num="555" type="stmt" count="0"/>
        <line num="556" type="stmt" count="0"/>
        <line num="557" type="stmt" count="0"/>
        <line num="558" type="stmt" count="0"/>
        <line num="559" type="stmt" count="0"/>
        <line num="562" type="stmt" count="5"/>
        <line num="564" type="stmt" count="5"/>
        <line num="565" type="stmt" count="1"/>
        <line num="566" type="stmt" count="1"/>
        <line num="567" type="stmt" count="0"/>
        <line num="570" type="stmt" count="1"/>
        <line num="573" type="stmt" count="1"/>
        <line num="574" type="stmt" count="0"/>
        <line num="577" type="stmt" count="1"/>
        <line num="579" type="stmt" count="1"/>
        <line num="580" type="stmt" count="0"/>
        <line num="583" type="stmt" count="1"/>
        <line num="584" type="stmt" count="1"/>
        <line num="588" type="stmt" count="1"/>
        <line num="590" type="stmt" count="1"/>
        <line num="592" type="stmt" count="1"/>
        <line num="594" type="stmt" count="1"/>
        <line num="595" type="stmt" count="1"/>
        <line num="596" type="stmt" count="1"/>
        <line num="597" type="stmt" count="1"/>
        <line num="598" type="stmt" count="1"/>
        <line num="599" type="stmt" count="1"/>
        <line num="600" type="stmt" count="1"/>
        <line num="601" type="stmt" count="0"/>
        <line num="603" type="stmt" count="0"/>
        <line num="604" type="stmt" count="0"/>
        <line num="605" type="stmt" count="0"/>
        <line num="606" type="stmt" count="0"/>
        <line num="621" type="method" name="createHandle" visibility="private" complexity="19" crap="21.38" count="15"/>
        <line num="623" type="stmt" count="15"/>
        <line num="624" type="stmt" count="0"/>
        <line num="627" type="stmt" count="15"/>
        <line num="629" type="stmt" count="15"/>
        <line num="632" type="stmt" count="15"/>
        <line num="633" type="stmt" count="15"/>
        <line num="634" type="stmt" count="15"/>
        <line num="635" type="stmt" count="15"/>
        <line num="636" type="stmt" count="15"/>
        <line num="637" type="stmt" count="15"/>
        <line num="638" type="stmt" count="15"/>
        <line num="641" type="stmt" count="15"/>
        <line num="642" type="stmt" count="15"/>
        <line num="645" type="stmt" count="15"/>
        <line num="646" type="stmt" count="15"/>
        <line num="649" type="stmt" count="15"/>
        <line num="650" type="stmt" count="15"/>
        <line num="653" type="stmt" count="15"/>
        <line num="654" type="stmt" count="15"/>
        <line num="657" type="stmt" count="15"/>
        <line num="658" type="stmt" count="15"/>
        <line num="660" type="stmt" count="15"/>
        <line num="661" type="stmt" count="15"/>
        <line num="663" type="stmt" count="15"/>
        <line num="664" type="stmt" count="15"/>
        <line num="665" type="stmt" count="15"/>
        <line num="667" type="stmt" count="15"/>
        <line num="668" type="stmt" count="15"/>
        <line num="670" type="stmt" count="15"/>
        <line num="671" type="stmt" count="15"/>
        <line num="676" type="stmt" count="15"/>
        <line num="677" type="stmt" count="0"/>
        <line num="678" type="stmt" count="0"/>
        <line num="679" type="stmt" count="0"/>
        <line num="680" type="stmt" count="0"/>
        <line num="682" type="stmt" count="0"/>
        <line num="683" type="stmt" count="0"/>
        <line num="687" type="stmt" count="15"/>
        <line num="690" type="stmt" count="15"/>
        <line num="693" type="stmt" count="15"/>
        <line num="694" type="stmt" count="4"/>
        <line num="695" type="stmt" count="4"/>
        <line num="696" type="stmt" count="4"/>
        <line num="698" type="stmt" count="0"/>
        <line num="702" type="stmt" count="11"/>
        <line num="706" type="stmt" count="15"/>
        <line num="707" type="stmt" count="0"/>
        <line num="710" type="stmt" count="15"/>
        <line num="718" type="method" name="processCompletedHandles" visibility="private" complexity="8" crap="8.46" count="5"/>
        <line num="720" type="stmt" count="5"/>
        <line num="721" type="stmt" count="5"/>
        <line num="722" type="stmt" count="0"/>
        <line num="725" type="stmt" count="5"/>
        <line num="727" type="stmt" count="5"/>
        <line num="728" type="stmt" count="0"/>
        <line num="731" type="stmt" count="5"/>
        <line num="732" type="stmt" count="5"/>
        <line num="734" type="stmt" count="5"/>
        <line num="735" type="stmt" count="0"/>
        <line num="738" type="stmt" count="5"/>
        <line num="741" type="stmt" count="5"/>
        <line num="742" type="stmt" count="4"/>
        <line num="745" type="stmt" count="4"/>
        <line num="746" type="stmt" count="0"/>
        <line num="748" type="stmt" count="4"/>
        <line num="749" type="stmt" count="4"/>
        <line num="752" type="stmt" count="1"/>
        <line num="753" type="stmt" count="1"/>
        <line num="756" type="stmt" count="1"/>
        <line num="757" type="stmt" count="0"/>
        <line num="759" type="stmt" count="1"/>
        <line num="760" type="stmt" count="1"/>
        <line num="764" type="stmt" count="5"/>
        <line num="766" type="stmt" count="5"/>
        <line num="767" type="stmt" count="5"/>
        <line num="775" type="method" name="createResponse" visibility="private" complexity="3" crap="3" count="4"/>
        <line num="777" type="stmt" count="4"/>
        <line num="779" type="stmt" count="4"/>
        <line num="780" type="stmt" count="4"/>
        <line num="782" type="stmt" count="4"/>
        <line num="783" type="stmt" count="4"/>
        <line num="784" type="stmt" count="4"/>
        <line num="785" type="stmt" count="4"/>
        <line num="788" type="stmt" count="4"/>
        <line num="797" type="method" name="scheduleRetry" visibility="private" complexity="1" crap="2" count="0"/>
        <line num="800" type="stmt" count="0"/>
        <line num="801" type="stmt" count="0"/>
        <line num="802" type="stmt" count="0"/>
        <line num="803" type="stmt" count="0"/>
        <line num="804" type="stmt" count="0"/>
        <line num="805" type="stmt" count="0"/>
        <line num="806" type="stmt" count="0"/>
        <line num="807" type="stmt" count="0"/>
        <line num="808" type="stmt" count="0"/>
        <line num="809" type="stmt" count="0"/>
        <line num="810" type="stmt" count="0"/>
        <line num="818" type="method" name="pendingCount" visibility="public" complexity="1" crap="1" count="2"/>
        <line num="820" type="stmt" count="2"/>
        <line num="831" type="method" name="post" visibility="public" complexity="1" crap="1" count="2"/>
        <line num="833" type="stmt" count="2"/>
        <line num="844" type="method" name="put" visibility="public" complexity="1" crap="1" count="1"/>
        <line num="846" type="stmt" count="1"/>
        <line num="857" type="method" name="patch" visibility="public" complexity="1" crap="1" count="1"/>
        <line num="859" type="stmt" count="1"/>
        <line num="870" type="method" name="delete" visibility="public" complexity="1" crap="1" count="1"/>
        <line num="872" type="stmt" count="1"/>
        <line num="882" type="method" name="head" visibility="public" complexity="1" crap="1" count="1"/>
        <line num="884" type="stmt" count="1"/>
        <line num="894" type="method" name="options" visibility="public" complexity="1" crap="1" count="1"/>
        <line num="896" type="stmt" count="1"/>
        <line num="908" type="method" name="json" visibility="public" complexity="1" crap="2" count="0"/>
        <line num="910" type="stmt" count="0"/>
        <line num="918" type="method" name="asJson" visibility="public" complexity="1" crap="1" count="2"/>
        <line num="920" type="stmt" count="2"/>
        <line num="929" type="method" name="concurrent" visibility="public" complexity="1" crap="1" count="1"/>
        <line num="931" type="stmt" count="1"/>
        <line num="932" type="stmt" count="1"/>
        <line num="933" type="stmt" count="1"/>
        <line num="934" type="stmt" count="1"/>
        <line num="935" type="stmt" count="1"/>
        <line num="936" type="stmt" count="1"/>
        <line num="937" type="stmt" count="1"/>
        <line num="938" type="stmt" count="1"/>
        <line num="941" type="stmt" count="1"/>
        <line num="943" type="stmt" count="1"/>
        <line num="944" type="stmt" count="1"/>
        <line num="945" type="stmt" count="1"/>
        <line num="946" type="stmt" count="1"/>
        <line num="947" type="stmt" count="1"/>
        <line num="948" type="stmt" count="1"/>
        <line num="957" type="method" name="race" visibility="public" complexity="1" crap="2" count="0"/>
        <line num="960" type="stmt" count="0"/>
        <line num="961" type="stmt" count="0"/>
        <line num="962" type="stmt" count="0"/>
        <line num="963" type="stmt" count="0"/>
        <line num="964" type="stmt" count="0"/>
        <line num="965" type="stmt" count="0"/>
        <line num="966" type="stmt" count="0"/>
        <line num="967" type="stmt" count="0"/>
        <line num="970" type="stmt" count="0"/>
        <line num="972" type="stmt" count="0"/>
        <line num="973" type="stmt" count="0"/>
        <line num="974" type="stmt" count="0"/>
        <line num="975" type="stmt" count="0"/>
        <line num="976" type="stmt" count="0"/>
        <line num="977" type="stmt" count="0"/>
        <line num="986" type="method" name="wait" visibility="public" complexity="6" crap="42" count="0"/>
        <line num="988" type="stmt" count="0"/>
        <line num="990" type="stmt" count="0"/>
        <line num="991" type="stmt" count="0"/>
        <line num="994" type="stmt" count="0"/>
        <line num="995" type="stmt" count="0"/>
        <line num="997" type="stmt" count="0"/>
        <line num="999" type="stmt" count="0"/>
        <line num="1000" type="stmt" count="0"/>
        <line num="1003" type="stmt" count="0"/>
        <line num="1004" type="stmt" count="0"/>
        <line num="1005" type="stmt" count="0"/>
        <line num="1007" type="stmt" count="0"/>
        <line num="1018" type="method" name="getMetrics" visibility="public" complexity="1" crap="1" count="2"/>
        <line num="1020" type="stmt" count="2"/>
        <line num="1028" type="method" name="queuedCount" visibility="public" complexity="1" crap="1" count="3"/>
        <line num="1030" type="stmt" count="3"/>
        <line num="1038" type="method" name="getOptions" visibility="public" complexity="1" crap="1" count="4"/>
        <line num="1040" type="stmt" count="4"/>
        <line num="1048" type="method" name="__destruct" visibility="public" complexity="2" crap="2.26" count="14"/>
        <line num="1051" type="stmt" count="14"/>
        <line num="1052" type="stmt" count="0"/>
        <line num="1053" type="stmt" count="0"/>
        <line num="1057" type="stmt" count="14"/>
        <line num="1059" type="stmt" count="14"/>
        <metrics loc="1062" ncloc="689" classes="1" methods="48" coveredmethods="31" conditionals="0" coveredconditionals="0" statements="309" coveredstatements="226" elements="357" coveredelements="257"/>
      </file>
    </package>
    <package name="Omegaalfa\HttpPromise\Promise">
      <file name="/home/omgaalfa/php-projetos/applications/HttpPromise/src/Promise/Deferred.php">
        <class name="Omegaalfa\HttpPromise\Promise\Deferred" namespace="Omegaalfa\HttpPromise\Promise">
          <metrics complexity="9" methods="7" coveredmethods="2" conditionals="0" coveredconditionals="0" statements="20" coveredstatements="15" elements="27" coveredelements="17"/>
        </class>
        <line num="37" type="method" name="__construct" visibility="public" complexity="1" crap="1" count="24"/>
        <line num="39" type="stmt" count="24"/>
        <line num="40" type="stmt" count="24"/>
        <line num="41" type="stmt" count="24"/>
        <line num="42" type="stmt" count="24"/>
        <line num="43" type="stmt" count="24"/>
        <line num="44" type="stmt" count="24"/>
        <line num="45" type="stmt" count="24"/>
        <line num="46" type="stmt" count="24"/>
        <line num="54" type="method" name="promise" visibility="public" complexity="1" crap="1" count="24"/>
        <line num="56" type="stmt" count="24"/>
        <line num="65" type="method" name="resolve" visibility="public" complexity="2" crap="2.06" count="9"/>
        <line num="67" type="stmt" count="9"/>
        <line num="68" type="stmt" count="0"/>
        <line num="70" type="stmt" count="9"/>
        <line num="71" type="stmt" count="9"/>
        <line num="81" type="method" name="reject" visibility="public" complexity="2" crap="2.06" count="4"/>
        <line num="83" type="stmt" count="4"/>
        <line num="84" type="stmt" count="0"/>
        <line num="86" type="stmt" count="4"/>
        <line num="87" type="stmt" count="4"/>
        <line num="94" type="method" name="isPending" visibility="public" complexity="1" crap="2" count="0"/>
        <line num="96" type="stmt" count="0"/>
        <line num="103" type="method" name="isFulfilled" visibility="public" complexity="1" crap="2" count="0"/>
        <line num="105" type="stmt" count="0"/>
        <line num="113" type="method" name="isRejected" visibility="public" complexity="1" crap="2" count="0"/>
        <line num="115" type="stmt" count="0"/>
        <metrics loc="117" ncloc="70" classes="1" methods="7" coveredmethods="2" conditionals="0" coveredconditionals="0" statements="20" coveredstatements="15" elements="27" coveredelements="17"/>
      </file>
      <file name="/home/omgaalfa/php-projetos/applications/HttpPromise/src/Promise/Promise.php">
        <class name="Omegaalfa\HttpPromise\Promise\Promise" namespace="Omegaalfa\HttpPromise\Promise">
          <metrics complexity="70" methods="21" coveredmethods="6" conditionals="0" coveredconditionals="0" statements="206" coveredstatements="165" elements="227" coveredelements="171"/>
        </class>
        <line num="37" type="method" name="__construct" visibility="public" complexity="2" crap="2" count="57"/>
        <line num="42" type="stmt" count="57"/>
        <line num="45" type="stmt" count="57"/>
        <line num="46" type="stmt" count="57"/>
        <line num="47" type="stmt" count="34"/>
        <line num="48" type="stmt" count="57"/>
        <line num="49" type="stmt" count="57"/>
        <line num="50" type="stmt" count="18"/>
        <line num="51" type="stmt" count="57"/>
        <line num="52" type="stmt" count="57"/>
        <line num="53" type="stmt" count="1"/>
        <line num="54" type="stmt" count="1"/>
        <line num="63" type="method" name="doResolve" visibility="private" complexity="3" crap="5.67" count="34"/>
        <line num="65" type="stmt" count="34"/>
        <line num="66" type="stmt" count="0"/>
        <line num="69" type="stmt" count="34"/>
        <line num="70" type="stmt" count="0"/>
        <line num="71" type="stmt" count="0"/>
        <line num="72" type="stmt" count="0"/>
        <line num="73" type="stmt" count="0"/>
        <line num="74" type="stmt" count="0"/>
        <line num="75" type="stmt" count="0"/>
        <line num="76" type="stmt" count="0"/>
        <line num="77" type="stmt" count="0"/>
        <line num="78" type="stmt" count="0"/>
        <line num="81" type="stmt" count="34"/>
        <line num="82" type="stmt" count="34"/>
        <line num="83" type="stmt" count="34"/>
        <line num="93" type="method" name="then" visibility="public" complexity="8" crap="8.21" count="25"/>
        <line num="95" type="stmt" count="25"/>
        <line num="96" type="stmt" count="25"/>
        <line num="97" type="stmt" count="25"/>
        <line num="99" type="stmt" count="20"/>
        <line num="101" type="stmt" count="14"/>
        <line num="102" type="stmt" count="14"/>
        <line num="103" type="stmt" count="14"/>
        <line num="104" type="stmt" count="0"/>
        <line num="107" type="stmt" count="9"/>
        <line num="108" type="stmt" count="9"/>
        <line num="109" type="stmt" count="0"/>
        <line num="110" type="stmt" count="9"/>
        <line num="111" type="stmt" count="9"/>
        <line num="113" type="stmt" count="0"/>
        <line num="114" type="stmt" count="0"/>
        <line num="118" type="stmt" count="17"/>
        <line num="119" type="stmt" count="2"/>
        <line num="121" type="stmt" count="17"/>
        <line num="123" type="stmt" count="3"/>
        <line num="124" type="stmt" count="3"/>
        <line num="126" type="stmt" count="25"/>
        <line num="128" type="stmt" count="25"/>
        <line num="129" type="stmt" count="5"/>
        <line num="131" type="stmt" count="20"/>
        <line num="133" type="stmt" count="25"/>
        <line num="134" type="stmt" count="25"/>
        <line num="135" type="stmt" count="25"/>
        <line num="144" type="method" name="doReject" visibility="private" complexity="2" crap="2.03" count="19"/>
        <line num="146" type="stmt" count="19"/>
        <line num="147" type="stmt" count="0"/>
        <line num="150" type="stmt" count="19"/>
        <line num="151" type="stmt" count="19"/>
        <line num="152" type="stmt" count="19"/>
        <line num="160" type="method" name="processHandlers" visibility="private" complexity="8" crap="9.63" count="43"/>
        <line num="162" type="stmt" count="43"/>
        <line num="164" type="stmt" count="4"/>
        <line num="165" type="stmt" count="3"/>
        <line num="166" type="stmt" count="3"/>
        <line num="167" type="stmt" count="0"/>
        <line num="169" type="stmt" count="3"/>
        <line num="170" type="stmt" count="0"/>
        <line num="172" type="stmt" count="3"/>
        <line num="175" type="stmt" count="1"/>
        <line num="176" type="stmt" count="1"/>
        <line num="178" type="stmt" count="1"/>
        <line num="179" type="stmt" count="0"/>
        <line num="181" type="stmt" count="1"/>
        <line num="184" type="stmt" count="4"/>
        <line num="187" type="stmt" count="0"/>
        <line num="188" type="stmt" count="0"/>
        <line num="192" type="stmt" count="43"/>
        <line num="203" type="method" name="all" visibility="public" complexity="9" crap="9" count="6"/>
        <line num="205" type="stmt" count="6"/>
        <line num="207" type="stmt" count="6"/>
        <line num="208" type="stmt" count="1"/>
        <line num="211" type="stmt" count="5"/>
        <line num="212" type="stmt" count="5"/>
        <line num="213" type="stmt" count="5"/>
        <line num="214" type="stmt" count="5"/>
        <line num="216" type="stmt" count="5"/>
        <line num="217" type="stmt" count="5"/>
        <line num="218" type="stmt" count="1"/>
        <line num="221" type="stmt" count="5"/>
        <line num="222" type="stmt" count="5"/>
        <line num="223" type="stmt" count="1"/>
        <line num="225" type="stmt" count="5"/>
        <line num="226" type="stmt" count="5"/>
        <line num="227" type="stmt" count="4"/>
        <line num="228" type="stmt" count="0"/>
        <line num="230" type="stmt" count="4"/>
        <line num="231" type="stmt" count="4"/>
        <line num="233" type="stmt" count="3"/>
        <line num="235" type="stmt" count="5"/>
        <line num="236" type="stmt" count="5"/>
        <line num="237" type="stmt" count="1"/>
        <line num="238" type="stmt" count="1"/>
        <line num="239" type="stmt" count="1"/>
        <line num="241" type="stmt" count="5"/>
        <line num="242" type="stmt" count="5"/>
        <line num="244" type="stmt" count="5"/>
        <line num="254" type="method" name="resolve" visibility="public" complexity="2" crap="2" count="15"/>
        <line num="256" type="stmt" count="15"/>
        <line num="257" type="stmt" count="1"/>
        <line num="260" type="stmt" count="14"/>
        <line num="261" type="stmt" count="14"/>
        <line num="262" type="stmt" count="14"/>
        <line num="272" type="method" name="race" visibility="public" complexity="6" crap="6.25" count="2"/>
        <line num="274" type="stmt" count="2"/>
        <line num="275" type="stmt" count="2"/>
        <line num="277" type="stmt" count="2"/>
        <line num="278" type="stmt" count="1"/>
        <line num="279" type="stmt" count="1"/>
        <line num="282" type="stmt" count="1"/>
        <line num="283" type="stmt" count="1"/>
        <line num="284" type="stmt" count="0"/>
        <line num="286" type="stmt" count="1"/>
        <line num="287" type="stmt" count="1"/>
        <line num="288" type="stmt" count="1"/>
        <line num="289" type="stmt" count="1"/>
        <line num="290" type="stmt" count="1"/>
        <line num="292" type="stmt" count="1"/>
        <line num="293" type="stmt" count="1"/>
        <line num="294" type="stmt" count="0"/>
        <line num="295" type="stmt" count="0"/>
        <line num="296" type="stmt" count="0"/>
        <line num="298" type="stmt" count="1"/>
        <line num="299" type="stmt" count="1"/>
        <line num="301" type="stmt" count="2"/>
        <line num="312" type="method" name="any" visibility="public" complexity="8" crap="8" count="3"/>
        <line num="314" type="stmt" count="3"/>
        <line num="316" type="stmt" count="3"/>
        <line num="317" type="stmt" count="1"/>
        <line num="320" type="stmt" count="2"/>
        <line num="321" type="stmt" count="2"/>
        <line num="322" type="stmt" count="2"/>
        <line num="323" type="stmt" count="2"/>
        <line num="325" type="stmt" count="2"/>
        <line num="326" type="stmt" count="2"/>
        <line num="327" type="stmt" count="2"/>
        <line num="328" type="stmt" count="0"/>
        <line num="330" type="stmt" count="2"/>
        <line num="331" type="stmt" count="2"/>
        <line num="332" type="stmt" count="1"/>
        <line num="333" type="stmt" count="1"/>
        <line num="334" type="stmt" count="1"/>
        <line num="336" type="stmt" count="2"/>
        <line num="337" type="stmt" count="2"/>
        <line num="338" type="stmt" count="2"/>
        <line num="339" type="stmt" count="1"/>
        <line num="341" type="stmt" count="2"/>
        <line num="342" type="stmt" count="2"/>
        <line num="343" type="stmt" count="1"/>
        <line num="344" type="stmt" count="1"/>
        <line num="345" type="stmt" count="1"/>
        <line num="347" type="stmt" count="2"/>
        <line num="348" type="stmt" count="2"/>
        <line num="350" type="stmt" count="2"/>
        <line num="359" type="method" name="reject" visibility="public" complexity="1" crap="1" count="10"/>
        <line num="361" type="stmt" count="10"/>
        <line num="362" type="stmt" count="10"/>
        <line num="363" type="stmt" count="10"/>
        <line num="374" type="method" name="delay" visibility="public" complexity="1" crap="2" count="0"/>
        <line num="376" type="stmt" count="0"/>
        <line num="377" type="stmt" count="0"/>
        <line num="378" type="stmt" count="0"/>
        <line num="379" type="stmt" count="0"/>
        <line num="389" type="method" name="try" visibility="public" complexity="2" crap="6" count="0"/>
        <line num="391" type="stmt" count="0"/>
        <line num="393" type="stmt" count="0"/>
        <line num="394" type="stmt" count="0"/>
        <line num="395" type="stmt" count="0"/>
        <line num="397" type="stmt" count="0"/>
        <line num="403" type="method" name="catch" visibility="public" complexity="1" crap="1" count="6"/>
        <line num="405" type="stmt" count="6"/>
        <line num="411" type="method" name="finally" visibility="public" complexity="1" crap="1" count="2"/>
        <line num="413" type="stmt" count="2"/>
        <line num="414" type="stmt" count="2"/>
        <line num="415" type="stmt" count="1"/>
        <line num="416" type="stmt" count="1"/>
        <line num="417" type="stmt" count="2"/>
        <line num="418" type="stmt" count="2"/>
        <line num="419" type="stmt" count="1"/>
        <line num="420" type="stmt" count="1"/>
        <line num="421" type="stmt" count="2"/>
        <line num="422" type="stmt" count="2"/>
        <line num="428" type="method" name="wait" visibility="public" complexity="9" crap="9.01" count="35"/>
        <line num="430" type="stmt" count="35"/>
        <line num="431" type="stmt" count="19"/>
        <line num="434" type="stmt" count="17"/>
        <line num="435" type="stmt" count="10"/>
        <line num="439" type="stmt" count="7"/>
        <line num="440" type="stmt" count="5"/>
        <line num="442" type="stmt" count="5"/>
        <line num="443" type="stmt" count="5"/>
        <line num="445" type="stmt" count="5"/>
        <line num="446" type="stmt" count="1"/>
        <line num="447" type="stmt" count="1"/>
        <line num="448" type="stmt" count="0"/>
        <line num="453" type="stmt" count="5"/>
        <line num="457" type="stmt" count="7"/>
        <line num="458" type="stmt" count="4"/>
        <line num="461" type="stmt" count="3"/>
        <line num="462" type="stmt" count="1"/>
        <line num="465" type="stmt" count="2"/>
        <line num="474" type="method" name="throwRejection" visibility="private" complexity="2" crap="2.15" count="11"/>
        <line num="476" type="stmt" count="11"/>
        <line num="477" type="stmt" count="11"/>
        <line num="480" type="stmt" count="0"/>
        <line num="486" type="method" name="getState" visibility="public" complexity="1" crap="1" count="10"/>
        <line num="488" type="stmt" count="10"/>
        <line num="494" type="method" name="isPending" visibility="public" complexity="1" crap="2" count="0"/>
        <line num="496" type="stmt" count="0"/>
        <line num="502" type="method" name="isFulfilled" visibility="public" complexity="1" crap="2" count="0"/>
        <line num="504" type="stmt" count="0"/>
        <line num="510" type="method" name="isRejected" visibility="public" complexity="1" crap="2" count="0"/>
        <line num="512" type="stmt" count="0"/>
        <line num="522" type="method" name="__invoke" visibility="public" complexity="1" crap="2" count="0"/>
        <line num="524" type="stmt" count="0"/>
        <metrics loc="527" ncloc="398" classes="1" methods="21" coveredmethods="6" conditionals="0" coveredconditionals="0" statements="206" coveredstatements="165" elements="227" coveredelements="171"/>
      </file>
    </package>
    <file name="/home/omgaalfa/php-projetos/applications/HttpPromise/src/Promise/PromiseInterface.php">
      <metrics loc="84" ncloc="30" classes="0" methods="0" coveredmethods="0" conditionals="0" coveredconditionals="0" statements="0" coveredstatements="0" elements="0" coveredelements="0"/>
    </file>
    <metrics files="15" loc="3267" ncloc="2094" classes="13" methods="168" coveredmethods="101" conditionals="0" coveredconditionals="0" statements="813" coveredstatements="619" elements="981" coveredelements="720"/>
  </project>
</coverage>
