<?xml version="1.0" encoding="UTF-8"?>
<coverage generated="1766888749">
  <project timestamp="1766888749" name="Clover Coverage">
    <package name="Omegaalfa\HttpPromise\Exception">
      <file name="/home/omgaalfa/php-projetos/applications/HttpPromise/src/Exception/HttpException.php">
        <class name="Omegaalfa\HttpPromise\Exception\HttpException" namespace="Omegaalfa\HttpPromise\Exception">
          <metrics complexity="7" methods="7" coveredmethods="7" conditionals="0" coveredconditionals="0" statements="21" coveredstatements="21" elements="28" coveredelements="28"/>
        </class>
        <line num="24" type="method" name="__construct" visibility="public" complexity="1" crap="1" count="6"/>
        <line num="34" type="stmt" count="6"/>
        <line num="40" type="method" name="fromCurlError" visibility="public" complexity="1" crap="1" count="2"/>
        <line num="42" type="stmt" count="2"/>
        <line num="43" type="stmt" count="2"/>
        <line num="44" type="stmt" count="2"/>
        <line num="45" type="stmt" count="2"/>
        <line num="46" type="stmt" count="2"/>
        <line num="57" type="method" name="fromResponse" visibility="public" complexity="1" crap="1" count="1"/>
        <line num="59" type="stmt" count="1"/>
        <line num="60" type="stmt" count="1"/>
        <line num="61" type="stmt" count="1"/>
        <line num="62" type="stmt" count="1"/>
        <line num="63" type="stmt" count="1"/>
        <line num="64" type="stmt" count="1"/>
        <line num="65" type="stmt" count="1"/>
        <line num="66" type="stmt" count="1"/>
        <line num="67" type="stmt" count="1"/>
        <line num="68" type="stmt" count="1"/>
        <line num="69" type="stmt" count="1"/>
        <line num="75" type="method" name="getStatusCode" visibility="public" complexity="1" crap="1" count="3"/>
        <line num="77" type="stmt" count="3"/>
        <line num="83" type="method" name="getUrl" visibility="public" complexity="1" crap="1" count="3"/>
        <line num="85" type="stmt" count="3"/>
        <line num="91" type="method" name="getMethod" visibility="public" complexity="1" crap="1" count="3"/>
        <line num="93" type="stmt" count="3"/>
        <line num="99" type="method" name="getResponse" visibility="public" complexity="1" crap="1" count="2"/>
        <line num="101" type="stmt" count="2"/>
        <metrics loc="104" ncloc="69" classes="1" methods="7" coveredmethods="7" conditionals="0" coveredconditionals="0" statements="21" coveredstatements="21" elements="28" coveredelements="28"/>
      </file>
      <file name="/home/omgaalfa/php-projetos/applications/HttpPromise/src/Exception/PromiseException.php">
        <class name="Omegaalfa\HttpPromise\Exception\PromiseException" namespace="Omegaalfa\HttpPromise\Exception">
          <metrics complexity="0" methods="0" coveredmethods="0" conditionals="0" coveredconditionals="0" statements="0" coveredstatements="0" elements="0" coveredelements="0"/>
        </class>
        <metrics loc="15" ncloc="12" classes="0" methods="0" coveredmethods="0" conditionals="0" coveredconditionals="0" statements="0" coveredstatements="0" elements="0" coveredelements="0"/>
      </file>
      <file name="/home/omgaalfa/php-projetos/applications/HttpPromise/src/Exception/RejectionException.php">
        <class name="Omegaalfa\HttpPromise\Exception\RejectionException" namespace="Omegaalfa\HttpPromise\Exception">
          <metrics complexity="6" methods="3" coveredmethods="2" conditionals="0" coveredconditionals="0" statements="10" coveredstatements="8" elements="13" coveredelements="10"/>
        </class>
        <line num="18" type="method" name="__construct" visibility="public" complexity="1" crap="1" count="4"/>
        <line num="23" type="stmt" count="4"/>
        <line num="24" type="stmt" count="4"/>
        <line num="31" type="method" name="formatReason" visibility="private" complexity="4" crap="4.37" count="4"/>
        <line num="33" type="stmt" count="4"/>
        <line num="34" type="stmt" count="3"/>
        <line num="37" type="stmt" count="1"/>
        <line num="38" type="stmt" count="0"/>
        <line num="41" type="stmt" count="1"/>
        <line num="42" type="stmt" count="1"/>
        <line num="45" type="stmt" count="0"/>
        <line num="51" type="method" name="getReason" visibility="public" complexity="1" crap="1" count="2"/>
        <line num="53" type="stmt" count="2"/>
        <metrics loc="56" ncloc="42" classes="1" methods="3" coveredmethods="2" conditionals="0" coveredconditionals="0" statements="10" coveredstatements="8" elements="13" coveredelements="10"/>
      </file>
      <file name="/home/omgaalfa/php-projetos/applications/HttpPromise/src/Exception/TimeoutException.php">
        <class name="Omegaalfa\HttpPromise\Exception\TimeoutException" namespace="Omegaalfa\HttpPromise\Exception">
          <metrics complexity="2" methods="1" coveredmethods="1" conditionals="0" coveredconditionals="0" statements="1" coveredstatements="1" elements="2" coveredelements="2"/>
        </class>
        <line num="16" type="method" name="__construct" visibility="public" complexity="2" crap="2" count="3"/>
        <line num="21" type="stmt" count="3"/>
        <metrics loc="24" ncloc="17" classes="1" methods="1" coveredmethods="1" conditionals="0" coveredconditionals="0" statements="1" coveredstatements="1" elements="2" coveredelements="2"/>
      </file>
    </package>
    <package name="Omegaalfa\HttpPromise\Http">
      <file name="/home/omgaalfa/php-projetos/applications/HttpPromise/src/Http/HttpProcessorTrait.php">
        <class name="Omegaalfa\HttpPromise\Http\HttpProcessorTrait" namespace="Omegaalfa\HttpPromise\Http">
          <metrics complexity="34" methods="10" coveredmethods="5" conditionals="0" coveredconditionals="0" statements="59" coveredstatements="48" elements="69" coveredelements="53"/>
        </class>
        <line num="23" type="method" name="formatHeaders" visibility="protected" complexity="7" crap="8.50" count="19"/>
        <line num="25" type="stmt" count="19"/>
        <line num="27" type="stmt" count="19"/>
        <line num="28" type="stmt" count="5"/>
        <line num="29" type="stmt" count="1"/>
        <line num="33" type="stmt" count="5"/>
        <line num="34" type="stmt" count="0"/>
        <line num="35" type="stmt" count="0"/>
        <line num="36" type="stmt" count="0"/>
        <line num="37" type="stmt" count="0"/>
        <line num="38" type="stmt" count="0"/>
        <line num="41" type="stmt" count="5"/>
        <line num="42" type="stmt" count="1"/>
        <line num="46" type="stmt" count="5"/>
        <line num="47" type="stmt" count="5"/>
        <line num="49" type="stmt" count="5"/>
        <line num="52" type="stmt" count="19"/>
        <line num="62" type="method" name="sanitizeHeaderName" visibility="private" complexity="2" crap="2.15" count="5"/>
        <line num="65" type="stmt" count="5"/>
        <line num="66" type="stmt" count="0"/>
        <line num="68" type="stmt" count="5"/>
        <line num="78" type="method" name="sanitizeHeaderValue" visibility="private" complexity="2" crap="2.06" count="5"/>
        <line num="81" type="stmt" count="5"/>
        <line num="84" type="stmt" count="5"/>
        <line num="85" type="stmt" count="0"/>
        <line num="88" type="stmt" count="5"/>
        <line num="99" type="method" name="formatParams" visibility="protected" complexity="7" crap="7" count="11"/>
        <line num="101" type="stmt" count="11"/>
        <line num="102" type="stmt" count="1"/>
        <line num="105" type="stmt" count="10"/>
        <line num="106" type="stmt" count="1"/>
        <line num="109" type="stmt" count="9"/>
        <line num="112" type="stmt" count="9"/>
        <line num="113" type="stmt" count="2"/>
        <line num="117" type="stmt" count="7"/>
        <line num="118" type="stmt" count="6"/>
        <line num="121" type="stmt" count="1"/>
        <line num="130" type="method" name="getContentType" visibility="protected" complexity="3" crap="3" count="12"/>
        <line num="133" type="stmt" count="12"/>
        <line num="134" type="stmt" count="5"/>
        <line num="135" type="stmt" count="5"/>
        <line num="139" type="stmt" count="7"/>
        <line num="149" type="method" name="encodeJson" visibility="protected" complexity="2" crap="3.19" count="3"/>
        <line num="152" type="stmt" count="3"/>
        <line num="153" type="stmt" count="0"/>
        <line num="154" type="stmt" count="0"/>
        <line num="166" type="method" name="decodeJson" visibility="protected" complexity="2" crap="3.19" count="2"/>
        <line num="169" type="stmt" count="2"/>
        <line num="170" type="stmt" count="0"/>
        <line num="171" type="stmt" count="0"/>
        <line num="182" type="method" name="mergeHeaders" visibility="protected" complexity="4" crap="4" count="17"/>
        <line num="185" type="stmt" count="17"/>
        <line num="186" type="stmt" count="17"/>
        <line num="187" type="stmt" count="3"/>
        <line num="190" type="stmt" count="17"/>
        <line num="191" type="stmt" count="2"/>
        <line num="194" type="stmt" count="17"/>
        <line num="195" type="stmt" count="17"/>
        <line num="196" type="stmt" count="3"/>
        <line num="199" type="stmt" count="17"/>
        <line num="209" type="method" name="buildUrl" visibility="protected" complexity="3" crap="3" count="19"/>
        <line num="211" type="stmt" count="19"/>
        <line num="212" type="stmt" count="17"/>
        <line num="215" type="stmt" count="2"/>
        <line num="216" type="stmt" count="2"/>
        <line num="218" type="stmt" count="2"/>
        <line num="227" type="method" name="parseUrl" visibility="protected" complexity="2" crap="2" count="1"/>
        <line num="229" type="stmt" count="1"/>
        <line num="230" type="stmt" count="1"/>
        <metrics loc="233" ncloc="151" classes="1" methods="10" coveredmethods="5" conditionals="0" coveredconditionals="0" statements="59" coveredstatements="48" elements="69" coveredelements="53"/>
      </file>
      <file name="/home/omgaalfa/php-projetos/applications/HttpPromise/src/Http/RequestOptions.php">
        <class name="Omegaalfa\HttpPromise\Http\RequestOptions" namespace="Omegaalfa\HttpPromise\Http">
          <metrics complexity="26" methods="21" coveredmethods="20" conditionals="0" coveredconditionals="0" statements="52" coveredstatements="51" elements="73" coveredelements="71"/>
        </class>
        <line num="28" type="method" name="__construct" visibility="public" complexity="1" crap="1" count="56"/>
        <line num="45" type="stmt" count="56"/>
        <line num="50" type="method" name="create" visibility="public" complexity="1" crap="1" count="56"/>
        <line num="52" type="stmt" count="56"/>
        <line num="58" type="method" name="withHttp2" visibility="public" complexity="1" crap="1" count="4"/>
        <line num="60" type="stmt" count="4"/>
        <line num="68" type="method" name="with" visibility="private" complexity="1" crap="1" count="30"/>
        <line num="70" type="stmt" count="30"/>
        <line num="71" type="stmt" count="30"/>
        <line num="72" type="stmt" count="30"/>
        <line num="73" type="stmt" count="30"/>
        <line num="74" type="stmt" count="30"/>
        <line num="75" type="stmt" count="30"/>
        <line num="76" type="stmt" count="30"/>
        <line num="77" type="stmt" count="30"/>
        <line num="78" type="stmt" count="30"/>
        <line num="79" type="stmt" count="30"/>
        <line num="80" type="stmt" count="30"/>
        <line num="81" type="stmt" count="30"/>
        <line num="82" type="stmt" count="30"/>
        <line num="83" type="stmt" count="30"/>
        <line num="84" type="stmt" count="30"/>
        <line num="85" type="stmt" count="30"/>
        <line num="91" type="method" name="withTcpKeepAlive" visibility="public" complexity="1" crap="1" count="2"/>
        <line num="93" type="stmt" count="2"/>
        <line num="99" type="method" name="withBaseUrl" visibility="public" complexity="1" crap="1" count="7"/>
        <line num="101" type="stmt" count="7"/>
        <line num="107" type="method" name="withTimeout" visibility="public" complexity="1" crap="1" count="3"/>
        <line num="109" type="stmt" count="3"/>
        <line num="115" type="method" name="withReadTimeout" visibility="public" complexity="1" crap="1" count="1"/>
        <line num="117" type="stmt" count="1"/>
        <line num="127" type="method" name="withRetry" visibility="public" complexity="1" crap="1" count="2"/>
        <line num="129" type="stmt" count="2"/>
        <line num="130" type="stmt" count="2"/>
        <line num="131" type="stmt" count="2"/>
        <line num="132" type="stmt" count="2"/>
        <line num="133" type="stmt" count="2"/>
        <line num="139" type="method" name="withBearerToken" visibility="public" complexity="1" crap="1" count="2"/>
        <line num="141" type="stmt" count="2"/>
        <line num="149" type="method" name="withHeaders" visibility="public" complexity="1" crap="1" count="12"/>
        <line num="151" type="stmt" count="12"/>
        <line num="152" type="stmt" count="12"/>
        <line num="153" type="stmt" count="12"/>
        <line num="159" type="method" name="withBasicAuth" visibility="public" complexity="1" crap="1" count="2"/>
        <line num="161" type="stmt" count="2"/>
        <line num="162" type="stmt" count="2"/>
        <line num="168" type="method" name="asJson" visibility="public" complexity="1" crap="1" count="3"/>
        <line num="170" type="stmt" count="3"/>
        <line num="171" type="stmt" count="3"/>
        <line num="172" type="stmt" count="3"/>
        <line num="173" type="stmt" count="3"/>
        <line num="179" type="method" name="asForm" visibility="public" complexity="1" crap="1" count="2"/>
        <line num="181" type="stmt" count="2"/>
        <line num="182" type="stmt" count="2"/>
        <line num="183" type="stmt" count="2"/>
        <line num="189" type="method" name="withProxy" visibility="public" complexity="1" crap="1" count="1"/>
        <line num="191" type="stmt" count="1"/>
        <line num="201" type="method" name="withoutSSLVerification" visibility="public" complexity="3" crap="3.33" count="1"/>
        <line num="204" type="stmt" count="1"/>
        <line num="205" type="stmt" count="0"/>
        <line num="208" type="stmt" count="1"/>
        <line num="214" type="method" name="withUserAgent" visibility="public" complexity="1" crap="1" count="1"/>
        <line num="216" type="stmt" count="1"/>
        <line num="222" type="method" name="withoutRedirects" visibility="public" complexity="1" crap="1" count="1"/>
        <line num="224" type="stmt" count="1"/>
        <line num="230" type="method" name="withMaxRedirects" visibility="public" complexity="1" crap="1" count="1"/>
        <line num="232" type="stmt" count="1"/>
        <line num="238" type="method" name="getUserAgent" visibility="public" complexity="1" crap="1" count="16"/>
        <line num="240" type="stmt" count="16"/>
        <line num="246" type="method" name="buildFullUrl" visibility="public" complexity="4" crap="4" count="16"/>
        <line num="248" type="stmt" count="16"/>
        <line num="249" type="stmt" count="16"/>
        <line num="252" type="stmt" count="1"/>
        <metrics loc="255" ncloc="163" classes="1" methods="21" coveredmethods="20" conditionals="0" coveredconditionals="0" statements="52" coveredstatements="51" elements="73" coveredelements="71"/>
      </file>
    </package>
    <package name="Omegaalfa\HttpPromise">
      <file name="/home/omgaalfa/php-projetos/applications/HttpPromise/src/HttpPromise.php">
        <class name="Omegaalfa\HttpPromise\HttpPromise" namespace="Omegaalfa\HttpPromise">
          <metrics complexity="135" methods="53" coveredmethods="32" conditionals="0" coveredconditionals="0" statements="348" coveredstatements="254" elements="401" coveredelements="286"/>
        </class>
        <line num="107" type="method" name="__construct" visibility="public" complexity="1" crap="1" count="33"/>
        <line num="113" type="stmt" count="33"/>
        <line num="114" type="stmt" count="33"/>
        <line num="115" type="stmt" count="33"/>
        <line num="116" type="stmt" count="33"/>
        <line num="118" type="stmt" count="33"/>
        <line num="129" type="method" name="create" visibility="public" complexity="1" crap="1" count="33"/>
        <line num="131" type="stmt" count="33"/>
        <line num="141" type="method" name="configureMultiHandle" visibility="private" complexity="7" crap="7" count="33"/>
        <line num="144" type="stmt" count="33"/>
        <line num="145" type="stmt" count="33"/>
        <line num="148" type="stmt" count="33"/>
        <line num="149" type="stmt" count="33"/>
        <line num="153" type="stmt" count="33"/>
        <line num="154" type="stmt" count="33"/>
        <line num="156" type="stmt" count="33"/>
        <line num="157" type="stmt" count="33"/>
        <line num="161" type="stmt" count="33"/>
        <line num="162" type="stmt" count="33"/>
        <line num="172" type="method" name="withBaseUrl" visibility="public" complexity="1" crap="1" count="2"/>
        <line num="174" type="stmt" count="2"/>
        <line num="183" type="method" name="withOptions" visibility="public" complexity="1" crap="1" count="9"/>
        <line num="185" type="stmt" count="9"/>
        <line num="186" type="stmt" count="9"/>
        <line num="187" type="stmt" count="9"/>
        <line num="196" type="method" name="withBearerToken" visibility="public" complexity="1" crap="1" count="1"/>
        <line num="198" type="stmt" count="1"/>
        <line num="208" type="method" name="withBasicAuth" visibility="public" complexity="1" crap="1" count="1"/>
        <line num="210" type="stmt" count="1"/>
        <line num="218" type="method" name="asForm" visibility="public" complexity="1" crap="1" count="1"/>
        <line num="220" type="stmt" count="1"/>
        <line num="229" type="method" name="withHttp2" visibility="public" complexity="1" crap="1" count="1"/>
        <line num="231" type="stmt" count="1"/>
        <line num="240" type="method" name="withTcpKeepAlive" visibility="public" complexity="1" crap="1" count="1"/>
        <line num="242" type="stmt" count="1"/>
        <line num="251" type="method" name="withMaxPoolSize" visibility="public" complexity="8" crap="21.82" count="1"/>
        <line num="253" type="stmt" count="1"/>
        <line num="254" type="stmt" count="1"/>
        <line num="255" type="stmt" count="1"/>
        <line num="257" type="stmt" count="1"/>
        <line num="258" type="stmt" count="0"/>
        <line num="259" type="stmt" count="0"/>
        <line num="260" type="stmt" count="0"/>
        <line num="264" type="stmt" count="1"/>
        <line num="267" type="stmt" count="0"/>
        <line num="268" type="stmt" count="0"/>
        <line num="269" type="stmt" count="0"/>
        <line num="270" type="stmt" count="0"/>
        <line num="271" type="stmt" count="0"/>
        <line num="274" type="stmt" count="0"/>
        <line num="277" type="stmt" count="1"/>
        <line num="287" type="method" name="withMiddleware" visibility="public" complexity="1" crap="1" count="2"/>
        <line num="289" type="stmt" count="2"/>
        <line num="290" type="stmt" count="2"/>
        <line num="291" type="stmt" count="2"/>
        <line num="300" type="method" name="withMiddlewares" visibility="public" complexity="2" crap="2" count="1"/>
        <line num="302" type="stmt" count="1"/>
        <line num="303" type="stmt" count="1"/>
        <line num="304" type="stmt" count="1"/>
        <line num="306" type="stmt" count="1"/>
        <line num="315" type="method" name="withMaxConcurrent" visibility="public" complexity="1" crap="1" count="2"/>
        <line num="317" type="stmt" count="2"/>
        <line num="318" type="stmt" count="2"/>
        <line num="319" type="stmt" count="2"/>
        <line num="320" type="stmt" count="2"/>
        <line num="328" type="method" name="withHeaders" visibility="public" complexity="1" crap="2" count="0"/>
        <line num="330" type="stmt" count="0"/>
        <line num="339" type="method" name="withTimeout" visibility="public" complexity="1" crap="2" count="0"/>
        <line num="341" type="stmt" count="0"/>
        <line num="351" type="method" name="withRetry" visibility="public" complexity="1" crap="2" count="0"/>
        <line num="353" type="stmt" count="0"/>
        <line num="362" type="method" name="withProxy" visibility="public" complexity="1" crap="2" count="0"/>
        <line num="364" type="stmt" count="0"/>
        <line num="370" type="method" name="withoutSSLVerification" visibility="public" complexity="1" crap="2" count="0"/>
        <line num="372" type="stmt" count="0"/>
        <line num="381" type="method" name="withUserAgent" visibility="public" complexity="1" crap="2" count="0"/>
        <line num="383" type="stmt" count="0"/>
        <line num="394" type="method" name="get" visibility="public" complexity="1" crap="1" count="7"/>
        <line num="396" type="stmt" count="7"/>
        <line num="413" type="method" name="request" visibility="public" complexity="2" crap="2.04" count="15"/>
        <line num="422" type="stmt" count="15"/>
        <line num="424" type="stmt" count="15"/>
        <line num="425" type="stmt" count="0"/>
        <line num="426" type="stmt" count="0"/>
        <line num="427" type="stmt" count="0"/>
        <line num="430" type="stmt" count="15"/>
        <line num="431" type="stmt" count="15"/>
        <line num="432" type="stmt" count="15"/>
        <line num="433" type="stmt" count="15"/>
        <line num="434" type="stmt" count="15"/>
        <line num="435" type="stmt" count="15"/>
        <line num="436" type="stmt" count="15"/>
        <line num="437" type="stmt" count="15"/>
        <line num="439" type="stmt" count="15"/>
        <line num="448" type="method" name="isValidMethod" visibility="private" complexity="1" crap="1" count="15"/>
        <line num="450" type="stmt" count="15"/>
        <line num="459" type="method" name="dispatchMiddlewares" visibility="private" complexity="2" crap="2" count="15"/>
        <line num="461" type="stmt" count="15"/>
        <line num="462" type="stmt" count="15"/>
        <line num="463" type="stmt" count="15"/>
        <line num="465" type="stmt" count="15"/>
        <line num="466" type="stmt" count="15"/>
        <line num="467" type="stmt" count="1"/>
        <line num="468" type="stmt" count="1"/>
        <line num="469" type="stmt" count="1"/>
        <line num="470" type="stmt" count="1"/>
        <line num="471" type="stmt" count="1"/>
        <line num="474" type="stmt" count="15"/>
        <line num="483" type="method" name="sendRequestInternal" visibility="private" complexity="2" crap="2" count="15"/>
        <line num="486" type="stmt" count="15"/>
        <line num="487" type="stmt" count="15"/>
        <line num="490" type="stmt" count="15"/>
        <line num="493" type="stmt" count="15"/>
        <line num="496" type="stmt" count="15"/>
        <line num="499" type="stmt" count="15"/>
        <line num="500" type="stmt" count="2"/>
        <line num="501" type="stmt" count="2"/>
        <line num="502" type="stmt" count="2"/>
        <line num="503" type="stmt" count="2"/>
        <line num="504" type="stmt" count="2"/>
        <line num="505" type="stmt" count="2"/>
        <line num="506" type="stmt" count="2"/>
        <line num="507" type="stmt" count="2"/>
        <line num="508" type="stmt" count="2"/>
        <line num="509" type="stmt" count="2"/>
        <line num="511" type="stmt" count="2"/>
        <line num="515" type="stmt" count="15"/>
        <line num="517" type="stmt" count="15"/>
        <line num="518" type="stmt" count="15"/>
        <line num="520" type="stmt" count="15"/>
        <line num="521" type="stmt" count="15"/>
        <line num="522" type="stmt" count="15"/>
        <line num="523" type="stmt" count="15"/>
        <line num="524" type="stmt" count="15"/>
        <line num="525" type="stmt" count="15"/>
        <line num="526" type="stmt" count="15"/>
        <line num="528" type="stmt" count="15"/>
        <line num="536" type="method" name="tick" visibility="public" complexity="3" crap="3.03" count="5"/>
        <line num="538" type="stmt" count="5"/>
        <line num="539" type="stmt" count="0"/>
        <line num="542" type="stmt" count="5"/>
        <line num="545" type="stmt" count="5"/>
        <line num="546" type="stmt" count="5"/>
        <line num="548" type="stmt" count="5"/>
        <line num="549" type="stmt" count="5"/>
        <line num="557" type="method" name="processQueuedRequests" visibility="private" complexity="9" crap="15.05" count="5"/>
        <line num="559" type="stmt" count="5"/>
        <line num="562" type="stmt" count="5"/>
        <line num="563" type="stmt" count="1"/>
        <line num="564" type="stmt" count="1"/>
        <line num="565" type="stmt" count="0"/>
        <line num="566" type="stmt" count="0"/>
        <line num="567" type="stmt" count="0"/>
        <line num="568" type="stmt" count="0"/>
        <line num="569" type="stmt" count="0"/>
        <line num="570" type="stmt" count="0"/>
        <line num="571" type="stmt" count="0"/>
        <line num="572" type="stmt" count="0"/>
        <line num="573" type="stmt" count="0"/>
        <line num="576" type="stmt" count="5"/>
        <line num="578" type="stmt" count="5"/>
        <line num="579" type="stmt" count="1"/>
        <line num="582" type="stmt" count="1"/>
        <line num="583" type="stmt" count="0"/>
        <line num="586" type="stmt" count="1"/>
        <line num="588" type="stmt" count="1"/>
        <line num="589" type="stmt" count="0"/>
        <line num="592" type="stmt" count="1"/>
        <line num="593" type="stmt" count="1"/>
        <line num="597" type="stmt" count="1"/>
        <line num="599" type="stmt" count="1"/>
        <line num="601" type="stmt" count="1"/>
        <line num="603" type="stmt" count="1"/>
        <line num="604" type="stmt" count="1"/>
        <line num="605" type="stmt" count="1"/>
        <line num="606" type="stmt" count="1"/>
        <line num="607" type="stmt" count="1"/>
        <line num="608" type="stmt" count="1"/>
        <line num="609" type="stmt" count="1"/>
        <line num="610" type="stmt" count="0"/>
        <line num="612" type="stmt" count="0"/>
        <line num="613" type="stmt" count="0"/>
        <line num="614" type="stmt" count="0"/>
        <line num="615" type="stmt" count="0"/>
        <line num="626" type="method" name="validateUrl" visibility="private" complexity="8" crap="10.37" count="15"/>
        <line num="628" type="stmt" count="15"/>
        <line num="630" type="stmt" count="15"/>
        <line num="631" type="stmt" count="0"/>
        <line num="635" type="stmt" count="15"/>
        <line num="636" type="stmt" count="15"/>
        <line num="637" type="stmt" count="0"/>
        <line num="641" type="stmt" count="15"/>
        <line num="644" type="stmt" count="15"/>
        <line num="648" type="stmt" count="15"/>
        <line num="649" type="stmt" count="0"/>
        <line num="653" type="stmt" count="15"/>
        <line num="654" type="stmt" count="0"/>
        <line num="666" type="method" name="createHandle" visibility="private" complexity="19" crap="20.90" count="15"/>
        <line num="668" type="stmt" count="15"/>
        <line num="669" type="stmt" count="0"/>
        <line num="672" type="stmt" count="15"/>
        <line num="674" type="stmt" count="15"/>
        <line num="677" type="stmt" count="15"/>
        <line num="678" type="stmt" count="15"/>
        <line num="679" type="stmt" count="15"/>
        <line num="680" type="stmt" count="15"/>
        <line num="681" type="stmt" count="15"/>
        <line num="682" type="stmt" count="15"/>
        <line num="683" type="stmt" count="15"/>
        <line num="686" type="stmt" count="15"/>
        <line num="687" type="stmt" count="15"/>
        <line num="690" type="stmt" count="15"/>
        <line num="691" type="stmt" count="15"/>
        <line num="694" type="stmt" count="15"/>
        <line num="695" type="stmt" count="15"/>
        <line num="698" type="stmt" count="15"/>
        <line num="699" type="stmt" count="15"/>
        <line num="702" type="stmt" count="15"/>
        <line num="703" type="stmt" count="15"/>
        <line num="705" type="stmt" count="15"/>
        <line num="706" type="stmt" count="15"/>
        <line num="708" type="stmt" count="15"/>
        <line num="709" type="stmt" count="15"/>
        <line num="710" type="stmt" count="15"/>
        <line num="712" type="stmt" count="15"/>
        <line num="713" type="stmt" count="15"/>
        <line num="715" type="stmt" count="15"/>
        <line num="716" type="stmt" count="15"/>
        <line num="721" type="stmt" count="15"/>
        <line num="722" type="stmt" count="0"/>
        <line num="723" type="stmt" count="0"/>
        <line num="724" type="stmt" count="0"/>
        <line num="725" type="stmt" count="0"/>
        <line num="727" type="stmt" count="0"/>
        <line num="728" type="stmt" count="0"/>
        <line num="732" type="stmt" count="15"/>
        <line num="735" type="stmt" count="15"/>
        <line num="738" type="stmt" count="15"/>
        <line num="739" type="stmt" count="4"/>
        <line num="740" type="stmt" count="4"/>
        <line num="741" type="stmt" count="4"/>
        <line num="746" type="stmt" count="15"/>
        <line num="747" type="stmt" count="0"/>
        <line num="750" type="stmt" count="15"/>
        <line num="759" type="method" name="acquireHandle" visibility="private" complexity="5" crap="5.03" count="15"/>
        <line num="761" type="stmt" count="15"/>
        <line num="763" type="stmt" count="15"/>
        <line num="764" type="stmt" count="2"/>
        <line num="765" type="stmt" count="2"/>
        <line num="767" type="stmt" count="2"/>
        <line num="768" type="stmt" count="2"/>
        <line num="772" type="stmt" count="15"/>
        <line num="773" type="stmt" count="15"/>
        <line num="774" type="stmt" count="0"/>
        <line num="776" type="stmt" count="15"/>
        <line num="785" type="method" name="resetHandle" visibility="private" complexity="2" crap="2" count="2"/>
        <line num="788" type="stmt" count="2"/>
        <line num="790" type="stmt" count="2"/>
        <line num="792" type="stmt" count="2"/>
        <line num="799" type="method" name="processCompletedHandles" visibility="private" complexity="8" crap="8.41" count="5"/>
        <line num="801" type="stmt" count="5"/>
        <line num="802" type="stmt" count="5"/>
        <line num="803" type="stmt" count="0"/>
        <line num="806" type="stmt" count="5"/>
        <line num="808" type="stmt" count="5"/>
        <line num="809" type="stmt" count="0"/>
        <line num="812" type="stmt" count="5"/>
        <line num="814" type="stmt" count="5"/>
        <line num="815" type="stmt" count="0"/>
        <line num="818" type="stmt" count="5"/>
        <line num="819" type="stmt" count="5"/>
        <line num="822" type="stmt" count="5"/>
        <line num="823" type="stmt" count="4"/>
        <line num="826" type="stmt" count="4"/>
        <line num="827" type="stmt" count="0"/>
        <line num="829" type="stmt" count="4"/>
        <line num="830" type="stmt" count="4"/>
        <line num="833" type="stmt" count="1"/>
        <line num="834" type="stmt" count="1"/>
        <line num="837" type="stmt" count="1"/>
        <line num="838" type="stmt" count="0"/>
        <line num="840" type="stmt" count="1"/>
        <line num="841" type="stmt" count="1"/>
        <line num="845" type="stmt" count="5"/>
        <line num="847" type="stmt" count="5"/>
        <line num="848" type="stmt" count="5"/>
        <line num="849" type="stmt" count="5"/>
        <line num="857" type="method" name="createResponse" visibility="private" complexity="3" crap="3" count="4"/>
        <line num="859" type="stmt" count="4"/>
        <line num="861" type="stmt" count="4"/>
        <line num="862" type="stmt" count="4"/>
        <line num="864" type="stmt" count="4"/>
        <line num="865" type="stmt" count="4"/>
        <line num="866" type="stmt" count="4"/>
        <line num="867" type="stmt" count="4"/>
        <line num="870" type="stmt" count="4"/>
        <line num="881" type="method" name="shouldRetry" visibility="private" complexity="3" crap="5.67" count="4"/>
        <line num="883" type="stmt" count="4"/>
        <line num="884" type="stmt" count="4"/>
        <line num="888" type="stmt" count="0"/>
        <line num="889" type="stmt" count="0"/>
        <line num="890" type="stmt" count="0"/>
        <line num="893" type="stmt" count="0"/>
        <line num="901" type="method" name="scheduleRetry" visibility="private" complexity="1" crap="2" count="0"/>
        <line num="904" type="stmt" count="0"/>
        <line num="905" type="stmt" count="0"/>
        <line num="906" type="stmt" count="0"/>
        <line num="907" type="stmt" count="0"/>
        <line num="908" type="stmt" count="0"/>
        <line num="909" type="stmt" count="0"/>
        <line num="910" type="stmt" count="0"/>
        <line num="911" type="stmt" count="0"/>
        <line num="912" type="stmt" count="0"/>
        <line num="913" type="stmt" count="0"/>
        <line num="914" type="stmt" count="0"/>
        <line num="924" type="method" name="releaseHandle" visibility="private" complexity="3" crap="3.21" count="5"/>
        <line num="926" type="stmt" count="5"/>
        <line num="928" type="stmt" count="5"/>
        <line num="929" type="stmt" count="5"/>
        <line num="932" type="stmt" count="5"/>
        <line num="933" type="stmt" count="0"/>
        <line num="934" type="stmt" count="0"/>
        <line num="937" type="stmt" count="5"/>
        <line num="948" type="method" name="post" visibility="public" complexity="1" crap="1" count="2"/>
        <line num="950" type="stmt" count="2"/>
        <line num="961" type="method" name="put" visibility="public" complexity="1" crap="1" count="1"/>
        <line num="963" type="stmt" count="1"/>
        <line num="974" type="method" name="patch" visibility="public" complexity="1" crap="1" count="1"/>
        <line num="976" type="stmt" count="1"/>
        <line num="987" type="method" name="delete" visibility="public" complexity="1" crap="1" count="1"/>
        <line num="989" type="stmt" count="1"/>
        <line num="999" type="method" name="head" visibility="public" complexity="1" crap="1" count="1"/>
        <line num="1001" type="stmt" count="1"/>
        <line num="1011" type="method" name="options" visibility="public" complexity="1" crap="1" count="1"/>
        <line num="1013" type="stmt" count="1"/>
        <line num="1025" type="method" name="json" visibility="public" complexity="1" crap="2" count="0"/>
        <line num="1027" type="stmt" count="0"/>
        <line num="1035" type="method" name="asJson" visibility="public" complexity="1" crap="1" count="2"/>
        <line num="1037" type="stmt" count="2"/>
        <line num="1046" type="method" name="concurrent" visibility="public" complexity="1" crap="1" count="1"/>
        <line num="1049" type="stmt" count="1"/>
        <line num="1050" type="stmt" count="1"/>
        <line num="1051" type="stmt" count="1"/>
        <line num="1052" type="stmt" count="1"/>
        <line num="1053" type="stmt" count="1"/>
        <line num="1054" type="stmt" count="1"/>
        <line num="1055" type="stmt" count="1"/>
        <line num="1056" type="stmt" count="1"/>
        <line num="1059" type="stmt" count="1"/>
        <line num="1068" type="method" name="race" visibility="public" complexity="1" crap="2" count="0"/>
        <line num="1071" type="stmt" count="0"/>
        <line num="1072" type="stmt" count="0"/>
        <line num="1073" type="stmt" count="0"/>
        <line num="1074" type="stmt" count="0"/>
        <line num="1075" type="stmt" count="0"/>
        <line num="1076" type="stmt" count="0"/>
        <line num="1077" type="stmt" count="0"/>
        <line num="1078" type="stmt" count="0"/>
        <line num="1081" type="stmt" count="0"/>
        <line num="1089" type="method" name="wait" visibility="public" complexity="6" crap="42" count="0"/>
        <line num="1091" type="stmt" count="0"/>
        <line num="1093" type="stmt" count="0"/>
        <line num="1094" type="stmt" count="0"/>
        <line num="1097" type="stmt" count="0"/>
        <line num="1098" type="stmt" count="0"/>
        <line num="1100" type="stmt" count="0"/>
        <line num="1102" type="stmt" count="0"/>
        <line num="1103" type="stmt" count="0"/>
        <line num="1106" type="stmt" count="0"/>
        <line num="1107" type="stmt" count="0"/>
        <line num="1108" type="stmt" count="0"/>
        <line num="1110" type="stmt" count="0"/>
        <line num="1121" type="method" name="hasPending" visibility="public" complexity="2" crap="2" count="2"/>
        <line num="1123" type="stmt" count="2"/>
        <line num="1131" type="method" name="getMetrics" visibility="public" complexity="3" crap="3" count="2"/>
        <line num="1133" type="stmt" count="2"/>
        <line num="1135" type="stmt" count="2"/>
        <line num="1136" type="stmt" count="2"/>
        <line num="1137" type="stmt" count="2"/>
        <line num="1138" type="stmt" count="2"/>
        <line num="1139" type="stmt" count="2"/>
        <line num="1140" type="stmt" count="2"/>
        <line num="1141" type="stmt" count="2"/>
        <line num="1142" type="stmt" count="2"/>
        <line num="1143" type="stmt" count="2"/>
        <line num="1144" type="stmt" count="2"/>
        <line num="1152" type="method" name="pendingCount" visibility="public" complexity="1" crap="1" count="4"/>
        <line num="1154" type="stmt" count="4"/>
        <line num="1162" type="method" name="queuedCount" visibility="public" complexity="1" crap="1" count="5"/>
        <line num="1164" type="stmt" count="5"/>
        <line num="1172" type="method" name="getOptions" visibility="public" complexity="1" crap="1" count="4"/>
        <line num="1174" type="stmt" count="4"/>
        <line num="1180" type="method" name="__destruct" visibility="public" complexity="5" crap="5.39" count="14"/>
        <line num="1183" type="stmt" count="14"/>
        <line num="1184" type="stmt" count="0"/>
        <line num="1185" type="stmt" count="0"/>
        <line num="1189" type="stmt" count="14"/>
        <line num="1190" type="stmt" count="2"/>
        <line num="1191" type="stmt" count="2"/>
        <line num="1192" type="stmt" count="2"/>
        <line num="1197" type="stmt" count="14"/>
        <metrics loc="1200" ncloc="775" classes="1" methods="53" coveredmethods="32" conditionals="0" coveredconditionals="0" statements="348" coveredstatements="254" elements="401" coveredelements="286"/>
      </file>
    </package>
    <package name="Omegaalfa\HttpPromise\Promise">
      <file name="/home/omgaalfa/php-projetos/applications/HttpPromise/src/Promise/Deferred.php">
        <class name="Omegaalfa\HttpPromise\Promise\Deferred" namespace="Omegaalfa\HttpPromise\Promise">
          <metrics complexity="9" methods="7" coveredmethods="2" conditionals="0" coveredconditionals="0" statements="20" coveredstatements="15" elements="27" coveredelements="17"/>
        </class>
        <line num="37" type="method" name="__construct" visibility="public" complexity="1" crap="1" count="24"/>
        <line num="39" type="stmt" count="24"/>
        <line num="40" type="stmt" count="24"/>
        <line num="41" type="stmt" count="24"/>
        <line num="42" type="stmt" count="24"/>
        <line num="43" type="stmt" count="24"/>
        <line num="44" type="stmt" count="24"/>
        <line num="45" type="stmt" count="24"/>
        <line num="46" type="stmt" count="24"/>
        <line num="54" type="method" name="promise" visibility="public" complexity="1" crap="1" count="24"/>
        <line num="56" type="stmt" count="24"/>
        <line num="65" type="method" name="resolve" visibility="public" complexity="2" crap="2.06" count="9"/>
        <line num="67" type="stmt" count="9"/>
        <line num="68" type="stmt" count="0"/>
        <line num="70" type="stmt" count="9"/>
        <line num="71" type="stmt" count="9"/>
        <line num="81" type="method" name="reject" visibility="public" complexity="2" crap="2.06" count="4"/>
        <line num="83" type="stmt" count="4"/>
        <line num="84" type="stmt" count="0"/>
        <line num="86" type="stmt" count="4"/>
        <line num="87" type="stmt" count="4"/>
        <line num="94" type="method" name="isPending" visibility="public" complexity="1" crap="2" count="0"/>
        <line num="96" type="stmt" count="0"/>
        <line num="103" type="method" name="isFulfilled" visibility="public" complexity="1" crap="2" count="0"/>
        <line num="105" type="stmt" count="0"/>
        <line num="113" type="method" name="isRejected" visibility="public" complexity="1" crap="2" count="0"/>
        <line num="115" type="stmt" count="0"/>
        <metrics loc="117" ncloc="70" classes="1" methods="7" coveredmethods="2" conditionals="0" coveredconditionals="0" statements="20" coveredstatements="15" elements="27" coveredelements="17"/>
      </file>
      <file name="/home/omgaalfa/php-projetos/applications/HttpPromise/src/Promise/Promise.php">
        <class name="Omegaalfa\HttpPromise\Promise\Promise" namespace="Omegaalfa\HttpPromise\Promise">
          <metrics complexity="77" methods="22" coveredmethods="6" conditionals="0" coveredconditionals="0" statements="238" coveredstatements="194" elements="260" coveredelements="200"/>
        </class>
        <line num="40" type="method" name="__construct" visibility="public" complexity="2" crap="2" count="59"/>
        <line num="46" type="stmt" count="59"/>
        <line num="47" type="stmt" count="59"/>
        <line num="50" type="stmt" count="59"/>
        <line num="51" type="stmt" count="59"/>
        <line num="52" type="stmt" count="36"/>
        <line num="53" type="stmt" count="59"/>
        <line num="54" type="stmt" count="59"/>
        <line num="55" type="stmt" count="19"/>
        <line num="56" type="stmt" count="59"/>
        <line num="57" type="stmt" count="59"/>
        <line num="58" type="stmt" count="1"/>
        <line num="59" type="stmt" count="1"/>
        <line num="68" type="method" name="doResolve" visibility="private" complexity="3" crap="5.67" count="36"/>
        <line num="70" type="stmt" count="36"/>
        <line num="71" type="stmt" count="0"/>
        <line num="74" type="stmt" count="36"/>
        <line num="75" type="stmt" count="0"/>
        <line num="76" type="stmt" count="0"/>
        <line num="77" type="stmt" count="0"/>
        <line num="78" type="stmt" count="0"/>
        <line num="79" type="stmt" count="0"/>
        <line num="80" type="stmt" count="0"/>
        <line num="81" type="stmt" count="0"/>
        <line num="82" type="stmt" count="0"/>
        <line num="83" type="stmt" count="0"/>
        <line num="86" type="stmt" count="36"/>
        <line num="87" type="stmt" count="36"/>
        <line num="88" type="stmt" count="36"/>
        <line num="98" type="method" name="then" visibility="public" complexity="8" crap="8.21" count="26"/>
        <line num="100" type="stmt" count="26"/>
        <line num="101" type="stmt" count="26"/>
        <line num="102" type="stmt" count="26"/>
        <line num="104" type="stmt" count="21"/>
        <line num="106" type="stmt" count="15"/>
        <line num="107" type="stmt" count="15"/>
        <line num="108" type="stmt" count="15"/>
        <line num="109" type="stmt" count="0"/>
        <line num="112" type="stmt" count="10"/>
        <line num="113" type="stmt" count="10"/>
        <line num="114" type="stmt" count="0"/>
        <line num="115" type="stmt" count="10"/>
        <line num="116" type="stmt" count="10"/>
        <line num="118" type="stmt" count="0"/>
        <line num="119" type="stmt" count="0"/>
        <line num="123" type="stmt" count="18"/>
        <line num="124" type="stmt" count="2"/>
        <line num="126" type="stmt" count="18"/>
        <line num="128" type="stmt" count="3"/>
        <line num="129" type="stmt" count="3"/>
        <line num="131" type="stmt" count="26"/>
        <line num="133" type="stmt" count="26"/>
        <line num="134" type="stmt" count="5"/>
        <line num="136" type="stmt" count="21"/>
        <line num="138" type="stmt" count="26"/>
        <line num="139" type="stmt" count="26"/>
        <line num="140" type="stmt" count="26"/>
        <line num="149" type="method" name="doReject" visibility="private" complexity="2" crap="2.03" count="20"/>
        <line num="151" type="stmt" count="20"/>
        <line num="152" type="stmt" count="0"/>
        <line num="155" type="stmt" count="20"/>
        <line num="156" type="stmt" count="20"/>
        <line num="157" type="stmt" count="20"/>
        <line num="165" type="method" name="processHandlers" visibility="private" complexity="8" crap="9.63" count="45"/>
        <line num="167" type="stmt" count="45"/>
        <line num="169" type="stmt" count="4"/>
        <line num="170" type="stmt" count="3"/>
        <line num="171" type="stmt" count="3"/>
        <line num="172" type="stmt" count="0"/>
        <line num="174" type="stmt" count="3"/>
        <line num="175" type="stmt" count="0"/>
        <line num="177" type="stmt" count="3"/>
        <line num="180" type="stmt" count="1"/>
        <line num="181" type="stmt" count="1"/>
        <line num="183" type="stmt" count="1"/>
        <line num="184" type="stmt" count="0"/>
        <line num="186" type="stmt" count="1"/>
        <line num="189" type="stmt" count="4"/>
        <line num="192" type="stmt" count="0"/>
        <line num="193" type="stmt" count="0"/>
        <line num="197" type="stmt" count="45"/>
        <line num="208" type="method" name="all" visibility="public" complexity="9" crap="9" count="6"/>
        <line num="210" type="stmt" count="6"/>
        <line num="212" type="stmt" count="6"/>
        <line num="213" type="stmt" count="1"/>
        <line num="216" type="stmt" count="5"/>
        <line num="217" type="stmt" count="5"/>
        <line num="218" type="stmt" count="5"/>
        <line num="219" type="stmt" count="5"/>
        <line num="221" type="stmt" count="5"/>
        <line num="222" type="stmt" count="5"/>
        <line num="223" type="stmt" count="1"/>
        <line num="226" type="stmt" count="5"/>
        <line num="227" type="stmt" count="5"/>
        <line num="228" type="stmt" count="1"/>
        <line num="230" type="stmt" count="5"/>
        <line num="231" type="stmt" count="5"/>
        <line num="232" type="stmt" count="4"/>
        <line num="233" type="stmt" count="0"/>
        <line num="235" type="stmt" count="4"/>
        <line num="236" type="stmt" count="4"/>
        <line num="238" type="stmt" count="3"/>
        <line num="240" type="stmt" count="5"/>
        <line num="241" type="stmt" count="5"/>
        <line num="242" type="stmt" count="1"/>
        <line num="243" type="stmt" count="1"/>
        <line num="244" type="stmt" count="1"/>
        <line num="246" type="stmt" count="5"/>
        <line num="247" type="stmt" count="5"/>
        <line num="249" type="stmt" count="5"/>
        <line num="259" type="method" name="resolve" visibility="public" complexity="2" crap="2" count="17"/>
        <line num="261" type="stmt" count="17"/>
        <line num="262" type="stmt" count="1"/>
        <line num="265" type="stmt" count="16"/>
        <line num="266" type="stmt" count="16"/>
        <line num="267" type="stmt" count="16"/>
        <line num="277" type="method" name="race" visibility="public" complexity="6" crap="6.25" count="2"/>
        <line num="279" type="stmt" count="2"/>
        <line num="280" type="stmt" count="2"/>
        <line num="282" type="stmt" count="2"/>
        <line num="283" type="stmt" count="1"/>
        <line num="284" type="stmt" count="1"/>
        <line num="287" type="stmt" count="1"/>
        <line num="288" type="stmt" count="1"/>
        <line num="289" type="stmt" count="0"/>
        <line num="291" type="stmt" count="1"/>
        <line num="292" type="stmt" count="1"/>
        <line num="293" type="stmt" count="1"/>
        <line num="294" type="stmt" count="1"/>
        <line num="295" type="stmt" count="1"/>
        <line num="297" type="stmt" count="1"/>
        <line num="298" type="stmt" count="1"/>
        <line num="299" type="stmt" count="0"/>
        <line num="300" type="stmt" count="0"/>
        <line num="301" type="stmt" count="0"/>
        <line num="303" type="stmt" count="1"/>
        <line num="304" type="stmt" count="1"/>
        <line num="306" type="stmt" count="2"/>
        <line num="317" type="method" name="any" visibility="public" complexity="8" crap="8" count="3"/>
        <line num="319" type="stmt" count="3"/>
        <line num="321" type="stmt" count="3"/>
        <line num="322" type="stmt" count="1"/>
        <line num="325" type="stmt" count="2"/>
        <line num="326" type="stmt" count="2"/>
        <line num="327" type="stmt" count="2"/>
        <line num="328" type="stmt" count="2"/>
        <line num="330" type="stmt" count="2"/>
        <line num="331" type="stmt" count="2"/>
        <line num="332" type="stmt" count="2"/>
        <line num="333" type="stmt" count="0"/>
        <line num="335" type="stmt" count="2"/>
        <line num="336" type="stmt" count="2"/>
        <line num="337" type="stmt" count="1"/>
        <line num="338" type="stmt" count="1"/>
        <line num="339" type="stmt" count="1"/>
        <line num="341" type="stmt" count="2"/>
        <line num="342" type="stmt" count="2"/>
        <line num="343" type="stmt" count="2"/>
        <line num="344" type="stmt" count="1"/>
        <line num="346" type="stmt" count="2"/>
        <line num="347" type="stmt" count="2"/>
        <line num="348" type="stmt" count="1"/>
        <line num="349" type="stmt" count="1"/>
        <line num="350" type="stmt" count="1"/>
        <line num="352" type="stmt" count="2"/>
        <line num="353" type="stmt" count="2"/>
        <line num="355" type="stmt" count="2"/>
        <line num="364" type="method" name="reject" visibility="public" complexity="1" crap="1" count="11"/>
        <line num="366" type="stmt" count="11"/>
        <line num="367" type="stmt" count="11"/>
        <line num="368" type="stmt" count="11"/>
        <line num="379" type="method" name="allSettled" visibility="public" complexity="7" crap="7.04" count="2"/>
        <line num="381" type="stmt" count="2"/>
        <line num="383" type="stmt" count="2"/>
        <line num="384" type="stmt" count="1"/>
        <line num="387" type="stmt" count="1"/>
        <line num="388" type="stmt" count="1"/>
        <line num="389" type="stmt" count="1"/>
        <line num="391" type="stmt" count="1"/>
        <line num="392" type="stmt" count="1"/>
        <line num="393" type="stmt" count="1"/>
        <line num="394" type="stmt" count="0"/>
        <line num="396" type="stmt" count="1"/>
        <line num="397" type="stmt" count="1"/>
        <line num="398" type="stmt" count="1"/>
        <line num="399" type="stmt" count="1"/>
        <line num="400" type="stmt" count="1"/>
        <line num="401" type="stmt" count="1"/>
        <line num="402" type="stmt" count="1"/>
        <line num="403" type="stmt" count="1"/>
        <line num="404" type="stmt" count="1"/>
        <line num="406" type="stmt" count="1"/>
        <line num="407" type="stmt" count="1"/>
        <line num="408" type="stmt" count="1"/>
        <line num="409" type="stmt" count="1"/>
        <line num="410" type="stmt" count="1"/>
        <line num="411" type="stmt" count="1"/>
        <line num="412" type="stmt" count="1"/>
        <line num="413" type="stmt" count="0"/>
        <line num="414" type="stmt" count="0"/>
        <line num="416" type="stmt" count="1"/>
        <line num="417" type="stmt" count="1"/>
        <line num="419" type="stmt" count="1"/>
        <line num="430" type="method" name="delay" visibility="public" complexity="1" crap="2" count="0"/>
        <line num="432" type="stmt" count="0"/>
        <line num="433" type="stmt" count="0"/>
        <line num="434" type="stmt" count="0"/>
        <line num="435" type="stmt" count="0"/>
        <line num="445" type="method" name="try" visibility="public" complexity="2" crap="6" count="0"/>
        <line num="447" type="stmt" count="0"/>
        <line num="449" type="stmt" count="0"/>
        <line num="450" type="stmt" count="0"/>
        <line num="451" type="stmt" count="0"/>
        <line num="453" type="stmt" count="0"/>
        <line num="459" type="method" name="catch" visibility="public" complexity="1" crap="1" count="6"/>
        <line num="461" type="stmt" count="6"/>
        <line num="467" type="method" name="finally" visibility="public" complexity="1" crap="1" count="2"/>
        <line num="469" type="stmt" count="2"/>
        <line num="470" type="stmt" count="2"/>
        <line num="471" type="stmt" count="1"/>
        <line num="472" type="stmt" count="1"/>
        <line num="473" type="stmt" count="2"/>
        <line num="474" type="stmt" count="2"/>
        <line num="475" type="stmt" count="1"/>
        <line num="476" type="stmt" count="1"/>
        <line num="477" type="stmt" count="2"/>
        <line num="478" type="stmt" count="2"/>
        <line num="484" type="method" name="wait" visibility="public" complexity="9" crap="9.01" count="37"/>
        <line num="486" type="stmt" count="37"/>
        <line num="487" type="stmt" count="21"/>
        <line num="490" type="stmt" count="17"/>
        <line num="491" type="stmt" count="10"/>
        <line num="495" type="stmt" count="7"/>
        <line num="496" type="stmt" count="5"/>
        <line num="498" type="stmt" count="5"/>
        <line num="499" type="stmt" count="5"/>
        <line num="501" type="stmt" count="5"/>
        <line num="502" type="stmt" count="1"/>
        <line num="503" type="stmt" count="1"/>
        <line num="504" type="stmt" count="0"/>
        <line num="509" type="stmt" count="5"/>
        <line num="513" type="stmt" count="7"/>
        <line num="514" type="stmt" count="4"/>
        <line num="517" type="stmt" count="3"/>
        <line num="518" type="stmt" count="1"/>
        <line num="521" type="stmt" count="2"/>
        <line num="530" type="method" name="throwRejection" visibility="private" complexity="2" crap="2.15" count="11"/>
        <line num="532" type="stmt" count="11"/>
        <line num="533" type="stmt" count="11"/>
        <line num="536" type="stmt" count="0"/>
        <line num="542" type="method" name="getState" visibility="public" complexity="1" crap="1" count="10"/>
        <line num="544" type="stmt" count="10"/>
        <line num="550" type="method" name="isPending" visibility="public" complexity="1" crap="2" count="0"/>
        <line num="552" type="stmt" count="0"/>
        <line num="558" type="method" name="isFulfilled" visibility="public" complexity="1" crap="2" count="0"/>
        <line num="560" type="stmt" count="0"/>
        <line num="566" type="method" name="isRejected" visibility="public" complexity="1" crap="2" count="0"/>
        <line num="568" type="stmt" count="0"/>
        <line num="578" type="method" name="__invoke" visibility="public" complexity="1" crap="2" count="0"/>
        <line num="580" type="stmt" count="0"/>
        <metrics loc="583" ncloc="445" classes="1" methods="22" coveredmethods="6" conditionals="0" coveredconditionals="0" statements="238" coveredstatements="194" elements="260" coveredelements="200"/>
      </file>
    </package>
    <file name="/home/omgaalfa/php-projetos/applications/HttpPromise/src/Promise/PromiseInterface.php">
      <metrics loc="84" ncloc="30" classes="0" methods="0" coveredmethods="0" conditionals="0" coveredconditionals="0" statements="0" coveredstatements="0" elements="0" coveredelements="0"/>
    </file>
    <metrics files="10" loc="2671" ncloc="1774" classes="8" methods="124" coveredmethods="75" conditionals="0" coveredconditionals="0" statements="749" coveredstatements="592" elements="873" coveredelements="667"/>
  </project>
</coverage>
